[2024-06-05 13:01:29 [32mINFO [0;39m restartedMain] [com.green.firstproject.FirstProjectApplication] [36mStarting FirstProjectApplication using Java 17.0.11 with PID 692 (D:\2024-01\backend\demo1\build\classes\java\main started by Administrator in D:\2024-01\backend\demo1)[0;39m 
[2024-06-05 13:01:29 [32mINFO [0;39m restartedMain] [com.green.firstproject.FirstProjectApplication] [36mNo active profile set, falling back to 1 default profile: "default"[0;39m 
[2024-06-05 13:01:30 [32mINFO [0;39m restartedMain] [org.springframework.boot.devtools.env.DevToolsPropertyDefaultsPostProcessor] [36mDevtools property defaults active! Set 'spring.devtools.add-properties' to 'false' to disable[0;39m 
[2024-06-05 13:01:30 [32mINFO [0;39m restartedMain] [org.springframework.boot.devtools.env.DevToolsPropertyDefaultsPostProcessor] [36mFor additional web related logging consider setting the 'logging.level.web' property to 'DEBUG'[0;39m 
[2024-06-05 13:01:30 [33mWARN [0;39m restartedMain] [org.springframework.context.support.PostProcessorRegistrationDelegate$BeanPostProcessorChecker] [36mBean 'org.springframework.ws.config.annotation.DelegatingWsConfiguration' of type [org.springframework.ws.config.annotation.DelegatingWsConfiguration$$SpringCGLIB$$0] is not eligible for getting processed by all BeanPostProcessors (for example: not eligible for auto-proxying). The currently created BeanPostProcessor [annotationActionEndpointMapping] is declared through a non-static factory method on that class; consider declaring it as static instead.[0;39m 
[2024-06-05 13:01:30 [32mINFO [0;39m restartedMain] [org.springframework.ws.soap.addressing.server.AnnotationActionEndpointMapping] [36mSupporting [WS-Addressing August 2004, WS-Addressing 1.0][0;39m 
[2024-06-05 13:01:31 [32mINFO [0;39m restartedMain] [org.springframework.boot.web.embedded.tomcat.TomcatWebServer] [36mTomcat initialized with port 8080 (http)[0;39m 
[2024-06-05 13:01:31 [32mINFO [0;39m restartedMain] [org.apache.coyote.http11.Http11NioProtocol] [36mInitializing ProtocolHandler ["http-nio-8080"][0;39m 
[2024-06-05 13:01:31 [32mINFO [0;39m restartedMain] [org.apache.catalina.core.StandardService] [36mStarting service [Tomcat][0;39m 
[2024-06-05 13:01:31 [32mINFO [0;39m restartedMain] [org.apache.catalina.core.StandardEngine] [36mStarting Servlet engine: [Apache Tomcat/10.1.24][0;39m 
[2024-06-05 13:01:31 [32mINFO [0;39m restartedMain] [org.apache.catalina.core.ContainerBase.[Tomcat].[localhost].[/]] [36mInitializing Spring embedded WebApplicationContext[0;39m 
[2024-06-05 13:01:31 [32mINFO [0;39m restartedMain] [org.springframework.boot.web.servlet.context.ServletWebServerApplicationContext] [36mRoot WebApplicationContext: initialization completed in 1175 ms[0;39m 
[2024-06-05 13:01:31 [32mINFO [0;39m restartedMain] [org.springframework.boot.autoconfigure.web.servlet.WelcomePageHandlerMapping] [36mAdding welcome page: class path resource [static/index.html][0;39m 
[2024-06-05 13:01:31 [32mINFO [0;39m restartedMain] [org.springframework.boot.devtools.autoconfigure.OptionalLiveReloadServer] [36mLiveReload server is running on port 35729[0;39m 
[2024-06-05 13:01:31 [32mINFO [0;39m restartedMain] [org.springframework.boot.actuate.endpoint.web.EndpointLinksResolver] [36mExposing 1 endpoint(s) beneath base path '/actuator'[0;39m 
[2024-06-05 13:01:31 [32mINFO [0;39m restartedMain] [org.apache.coyote.http11.Http11NioProtocol] [36mStarting ProtocolHandler ["http-nio-8080"][0;39m 
[2024-06-05 13:01:31 [32mINFO [0;39m restartedMain] [org.springframework.boot.web.embedded.tomcat.TomcatWebServer] [36mTomcat started on port 8080 (http) with context path ''[0;39m 
[2024-06-05 13:01:31 [32mINFO [0;39m restartedMain] [com.green.firstproject.FirstProjectApplication] [36mStarted FirstProjectApplication in 2.377 seconds (process running for 2.856)[0;39m 
[2024-06-05 13:01:32 [32mINFO [0;39m RMI TCP Connection(2)-192.168.0.53] [org.apache.catalina.core.ContainerBase.[Tomcat].[localhost].[/]] [36mInitializing Spring DispatcherServlet 'dispatcherServlet'[0;39m 
[2024-06-05 13:01:32 [32mINFO [0;39m RMI TCP Connection(2)-192.168.0.53] [org.springframework.web.servlet.DispatcherServlet] [36mInitializing Servlet 'dispatcherServlet'[0;39m 
[2024-06-05 13:01:32 [32mINFO [0;39m RMI TCP Connection(2)-192.168.0.53] [org.springframework.web.servlet.DispatcherServlet] [36mCompleted initialization in 1 ms[0;39m 
[2024-06-05 13:01:32 [32mINFO [0;39m RMI TCP Connection(3)-192.168.0.53] [com.zaxxer.hikari.HikariDataSource] [36mHikariPool-1 - Starting...[0;39m 
[2024-06-05 13:01:32 [32mINFO [0;39m RMI TCP Connection(3)-192.168.0.53] [com.zaxxer.hikari.pool.HikariPool] [36mHikariPool-1 - Added connection net.sf.log4jdbc.sql.jdbcapi.ConnectionSpy@37703f94[0;39m 
[2024-06-05 13:01:32 [32mINFO [0;39m RMI TCP Connection(3)-192.168.0.53] [com.zaxxer.hikari.HikariDataSource] [36mHikariPool-1 - Start completed.[0;39m 
[2024-06-05 13:55:24 [33mWARN [0;39m HikariPool-1 housekeeper] [com.zaxxer.hikari.pool.HikariPool] [36mHikariPool-1 - Thread starvation or clock leap detected (housekeeper delta=4m50s824ms695µs500ns).[0;39m 
[2024-06-05 14:25:28 [32mINFO [0;39m http-nio-8080-exec-8] [org.springdoc.api.AbstractOpenApiResource] [36mInit duration for springdoc-openapi is: 196 ms[0;39m 
[2024-06-05 14:26:30 [32mDEBUG[0;39m http-nio-8080-exec-7] [jdbc.sqltiming] [36m com.zaxxer.hikari.pool.ProxyPreparedStatement.execute(ProxyPreparedStatement.java:44)
21. INSERT INTO tour
        SET user_id = 2
        , title = '가자'
        , tour_location = '대구'
        , tour_startday = '2024-06-06'
        , tour_finishday = '2024-06-09'
        , tour_budget = 100000
        , tour_color = 'string'
 {executed in 5 msec}[0;39m 
[2024-06-05 14:26:30 [32mDEBUG[0;39m http-nio-8080-exec-7] [jdbc.sqltiming] [36m com.zaxxer.hikari.pool.ProxyStatement.getGeneratedKeys(ProxyStatement.java:229)
21. getGeneratedKeys on query: INSERT INTO tour
        SET user_id = 2
        , title = '가자'
        , tour_location = '대구'
        , tour_startday = '2024-06-06'
        , tour_finishday = '2024-06-09'
        , tour_budget = 100000
        , tour_color = 'string'
 {executed in 0 msec}[0;39m 
[2024-06-05 14:26:30 [32mINFO [0;39m http-nio-8080-exec-7] [jdbc.resultsettable] [36m
|----------|
|insert_id |
|----------|
|5         |
|----------|
[0;39m 
[2024-06-05 14:26:40 [32mDEBUG[0;39m http-nio-8080-exec-2] [jdbc.sqltiming] [36m com.zaxxer.hikari.pool.ProxyPreparedStatement.execute(ProxyPreparedStatement.java:44)
21. SELECT tour_id AS tourId, title, tour_location AS tourLocation
             , tour_startday AS tourStartDay, tour_finishday AS tourFinishDay
             , tour_color AS tourColor
        FROM tour
        WHERE user_id = 2
        ORDER BY tour_id
 {executed in 2 msec}[0;39m 
[2024-06-05 14:26:40 [32mINFO [0;39m http-nio-8080-exec-2] [jdbc.resultsettable] [36m
|--------|------|--------------|--------------|---------------|-----------|
|tour_id |title |tour_location |tour_startday |tour_finishday |tour_color |
|--------|------|--------------|--------------|---------------|-----------|
|3       |test1 |daegu         |2024-07-28    |2024-08-02     |#2a3w22    |
|4       |test2 |seoul         |2024-08-28    |2024-09-02     |#3a3w22    |
|5       |가자    |대구            |2024-06-06    |2024-06-09     |string     |
|--------|------|--------------|--------------|---------------|-----------|
[0;39m 
[2024-06-05 14:29:04 [32mDEBUG[0;39m http-nio-8080-exec-4] [jdbc.sqltiming] [36m com.zaxxer.hikari.pool.ProxyPreparedStatement.execute(ProxyPreparedStatement.java:44)
21. SELECT tour_id AS tourId, title, tour_location AS tourLocation
             , tour_startday AS tourStartDay, tour_finishday AS tourFinishDay
             , tour_color AS tourColor
        FROM tour
        WHERE user_id = 2
        ORDER BY tour_id
 {executed in 1 msec}[0;39m 
[2024-06-05 14:29:04 [32mINFO [0;39m http-nio-8080-exec-4] [jdbc.resultsettable] [36m
|--------|------|--------------|--------------|---------------|-----------|
|tour_id |title |tour_location |tour_startday |tour_finishday |tour_color |
|--------|------|--------------|--------------|---------------|-----------|
|3       |test1 |daegu         |2024-07-28    |2024-08-02     |#2a3w22    |
|4       |test2 |seoul         |2024-08-28    |2024-09-02     |#3a3w22    |
|5       |가자    |대구            |2024-06-06    |2024-06-09     |string     |
|--------|------|--------------|--------------|---------------|-----------|
[0;39m 
[2024-06-05 14:31:02 [32mDEBUG[0;39m http-nio-8080-exec-7] [jdbc.sqltiming] [36m com.zaxxer.hikari.pool.ProxyPreparedStatement.execute(ProxyPreparedStatement.java:44)
31. SELECT tour_id AS tourId, title, tour_location AS tourLocation
             , tour_startday AS tourStartDay, tour_finishday AS tourFinishDay
             , tour_color AS tourColor
        FROM tour
        WHERE user_id = 2
        ORDER BY tour_id
 {executed in 1 msec}[0;39m 
[2024-06-05 14:31:02 [32mINFO [0;39m http-nio-8080-exec-7] [jdbc.resultsettable] [36m
|--------|------|--------------|--------------|---------------|-----------|
|tour_id |title |tour_location |tour_startday |tour_finishday |tour_color |
|--------|------|--------------|--------------|---------------|-----------|
|3       |test1 |daegu         |2024-07-28    |2024-08-02     |#2a3w22    |
|4       |test2 |seoul         |2024-08-28    |2024-09-02     |#3a3w22    |
|5       |가자    |대구            |2024-06-06    |2024-06-09     |string     |
|--------|------|--------------|--------------|---------------|-----------|
[0;39m 
[2024-06-05 14:32:23 [32mDEBUG[0;39m http-nio-8080-exec-7] [jdbc.sqltiming] [36m com.zaxxer.hikari.pool.ProxyPreparedStatement.execute(ProxyPreparedStatement.java:44)
31. SELECT tour_id AS tourId, title, tour_location AS tourLocation
             , tour_startday AS tourStartDay, tour_finishday AS tourFinishDay
             , tour_color AS tourColor
        FROM tour
        WHERE user_id = 2
        ORDER BY tour_id
 {executed in 1 msec}[0;39m 
[2024-06-05 14:32:23 [32mINFO [0;39m http-nio-8080-exec-7] [jdbc.resultsettable] [36m
|--------|------|--------------|--------------|---------------|-----------|
|tour_id |title |tour_location |tour_startday |tour_finishday |tour_color |
|--------|------|--------------|--------------|---------------|-----------|
|3       |test1 |daegu         |2024-07-28    |2024-08-02     |#2a3w22    |
|4       |test2 |seoul         |2024-08-28    |2024-09-02     |#3a3w22    |
|5       |가자    |대구            |2024-06-06    |2024-06-09     |string     |
|--------|------|--------------|--------------|---------------|-----------|
[0;39m 
[2024-06-05 14:51:23 [32mINFO [0;39m SpringApplicationShutdownHook] [com.zaxxer.hikari.HikariDataSource] [36mHikariPool-1 - Shutdown initiated...[0;39m 
[2024-06-05 14:51:23 [32mINFO [0;39m SpringApplicationShutdownHook] [com.zaxxer.hikari.HikariDataSource] [36mHikariPool-1 - Shutdown completed.[0;39m 
[2024-06-05 14:51:24 [32mINFO [0;39m restartedMain] [com.green.firstproject.FirstProjectApplication] [36mStarting FirstProjectApplication using Java 17.0.11 with PID 9720 (D:\2024-01\backend\demo1\build\classes\java\main started by Administrator in D:\2024-01\backend\demo1)[0;39m 
[2024-06-05 14:51:24 [32mINFO [0;39m restartedMain] [com.green.firstproject.FirstProjectApplication] [36mNo active profile set, falling back to 1 default profile: "default"[0;39m 
[2024-06-05 14:51:24 [32mINFO [0;39m restartedMain] [org.springframework.boot.devtools.env.DevToolsPropertyDefaultsPostProcessor] [36mDevtools property defaults active! Set 'spring.devtools.add-properties' to 'false' to disable[0;39m 
[2024-06-05 14:51:24 [32mINFO [0;39m restartedMain] [org.springframework.boot.devtools.env.DevToolsPropertyDefaultsPostProcessor] [36mFor additional web related logging consider setting the 'logging.level.web' property to 'DEBUG'[0;39m 
[2024-06-05 14:51:25 [33mWARN [0;39m restartedMain] [org.springframework.context.support.PostProcessorRegistrationDelegate$BeanPostProcessorChecker] [36mBean 'org.springframework.ws.config.annotation.DelegatingWsConfiguration' of type [org.springframework.ws.config.annotation.DelegatingWsConfiguration$$SpringCGLIB$$0] is not eligible for getting processed by all BeanPostProcessors (for example: not eligible for auto-proxying). The currently created BeanPostProcessor [annotationActionEndpointMapping] is declared through a non-static factory method on that class; consider declaring it as static instead.[0;39m 
[2024-06-05 14:51:25 [32mINFO [0;39m restartedMain] [org.springframework.ws.soap.addressing.server.AnnotationActionEndpointMapping] [36mSupporting [WS-Addressing August 2004, WS-Addressing 1.0][0;39m 
[2024-06-05 14:51:25 [32mINFO [0;39m restartedMain] [org.springframework.boot.web.embedded.tomcat.TomcatWebServer] [36mTomcat initialized with port 8080 (http)[0;39m 
[2024-06-05 14:51:25 [32mINFO [0;39m restartedMain] [org.apache.coyote.http11.Http11NioProtocol] [36mInitializing ProtocolHandler ["http-nio-8080"][0;39m 
[2024-06-05 14:51:25 [32mINFO [0;39m restartedMain] [org.apache.catalina.core.StandardService] [36mStarting service [Tomcat][0;39m 
[2024-06-05 14:51:25 [32mINFO [0;39m restartedMain] [org.apache.catalina.core.StandardEngine] [36mStarting Servlet engine: [Apache Tomcat/10.1.24][0;39m 
[2024-06-05 14:51:25 [32mINFO [0;39m restartedMain] [org.apache.catalina.core.ContainerBase.[Tomcat].[localhost].[/]] [36mInitializing Spring embedded WebApplicationContext[0;39m 
[2024-06-05 14:51:25 [32mINFO [0;39m restartedMain] [org.springframework.boot.web.servlet.context.ServletWebServerApplicationContext] [36mRoot WebApplicationContext: initialization completed in 1008 ms[0;39m 
[2024-06-05 14:51:26 [32mINFO [0;39m restartedMain] [org.springframework.boot.autoconfigure.web.servlet.WelcomePageHandlerMapping] [36mAdding welcome page: class path resource [static/index.html][0;39m 
[2024-06-05 14:51:26 [32mINFO [0;39m restartedMain] [org.springframework.boot.devtools.autoconfigure.OptionalLiveReloadServer] [36mLiveReload server is running on port 35729[0;39m 
[2024-06-05 14:51:26 [32mINFO [0;39m restartedMain] [org.springframework.boot.actuate.endpoint.web.EndpointLinksResolver] [36mExposing 1 endpoint(s) beneath base path '/actuator'[0;39m 
[2024-06-05 14:51:26 [32mINFO [0;39m restartedMain] [org.apache.coyote.http11.Http11NioProtocol] [36mStarting ProtocolHandler ["http-nio-8080"][0;39m 
[2024-06-05 14:51:26 [32mINFO [0;39m restartedMain] [org.springframework.boot.web.embedded.tomcat.TomcatWebServer] [36mTomcat started on port 8080 (http) with context path ''[0;39m 
[2024-06-05 14:51:26 [32mINFO [0;39m restartedMain] [com.green.firstproject.FirstProjectApplication] [36mStarted FirstProjectApplication in 2.069 seconds (process running for 2.455)[0;39m 
[2024-06-05 14:51:26 [32mINFO [0;39m RMI TCP Connection(1)-192.168.0.53] [org.apache.catalina.core.ContainerBase.[Tomcat].[localhost].[/]] [36mInitializing Spring DispatcherServlet 'dispatcherServlet'[0;39m 
[2024-06-05 14:51:26 [32mINFO [0;39m RMI TCP Connection(1)-192.168.0.53] [org.springframework.web.servlet.DispatcherServlet] [36mInitializing Servlet 'dispatcherServlet'[0;39m 
[2024-06-05 14:51:26 [32mINFO [0;39m RMI TCP Connection(1)-192.168.0.53] [org.springframework.web.servlet.DispatcherServlet] [36mCompleted initialization in 1 ms[0;39m 
[2024-06-05 14:51:26 [32mINFO [0;39m RMI TCP Connection(3)-192.168.0.53] [com.zaxxer.hikari.HikariDataSource] [36mHikariPool-1 - Starting...[0;39m 
[2024-06-05 14:51:26 [32mINFO [0;39m RMI TCP Connection(3)-192.168.0.53] [com.zaxxer.hikari.pool.HikariPool] [36mHikariPool-1 - Added connection net.sf.log4jdbc.sql.jdbcapi.ConnectionSpy@478903f1[0;39m 
[2024-06-05 14:51:26 [32mINFO [0;39m RMI TCP Connection(3)-192.168.0.53] [com.zaxxer.hikari.HikariDataSource] [36mHikariPool-1 - Start completed.[0;39m 
[2024-06-05 14:51:32 [32mINFO [0;39m http-nio-8080-exec-1] [org.springdoc.api.AbstractOpenApiResource] [36mInit duration for springdoc-openapi is: 196 ms[0;39m 
[2024-06-05 14:59:23 [32mINFO [0;39m SpringApplicationShutdownHook] [com.zaxxer.hikari.HikariDataSource] [36mHikariPool-1 - Shutdown initiated...[0;39m 
[2024-06-05 14:59:23 [32mINFO [0;39m SpringApplicationShutdownHook] [com.zaxxer.hikari.HikariDataSource] [36mHikariPool-1 - Shutdown completed.[0;39m 
[2024-06-05 14:59:25 [32mINFO [0;39m restartedMain] [com.green.firstproject.FirstProjectApplication] [36mStarting FirstProjectApplication using Java 17.0.11 with PID 10736 (D:\2024-01\backend\demo1\build\classes\java\main started by Administrator in D:\2024-01\backend\demo1)[0;39m 
[2024-06-05 14:59:25 [32mINFO [0;39m restartedMain] [com.green.firstproject.FirstProjectApplication] [36mNo active profile set, falling back to 1 default profile: "default"[0;39m 
[2024-06-05 14:59:25 [32mINFO [0;39m restartedMain] [org.springframework.boot.devtools.env.DevToolsPropertyDefaultsPostProcessor] [36mDevtools property defaults active! Set 'spring.devtools.add-properties' to 'false' to disable[0;39m 
[2024-06-05 14:59:25 [32mINFO [0;39m restartedMain] [org.springframework.boot.devtools.env.DevToolsPropertyDefaultsPostProcessor] [36mFor additional web related logging consider setting the 'logging.level.web' property to 'DEBUG'[0;39m 
[2024-06-05 14:59:26 [33mWARN [0;39m restartedMain] [org.springframework.context.support.PostProcessorRegistrationDelegate$BeanPostProcessorChecker] [36mBean 'org.springframework.ws.config.annotation.DelegatingWsConfiguration' of type [org.springframework.ws.config.annotation.DelegatingWsConfiguration$$SpringCGLIB$$0] is not eligible for getting processed by all BeanPostProcessors (for example: not eligible for auto-proxying). The currently created BeanPostProcessor [annotationActionEndpointMapping] is declared through a non-static factory method on that class; consider declaring it as static instead.[0;39m 
[2024-06-05 14:59:26 [32mINFO [0;39m restartedMain] [org.springframework.ws.soap.addressing.server.AnnotationActionEndpointMapping] [36mSupporting [WS-Addressing August 2004, WS-Addressing 1.0][0;39m 
[2024-06-05 14:59:26 [32mINFO [0;39m restartedMain] [org.springframework.boot.web.embedded.tomcat.TomcatWebServer] [36mTomcat initialized with port 8080 (http)[0;39m 
[2024-06-05 14:59:26 [32mINFO [0;39m restartedMain] [org.apache.coyote.http11.Http11NioProtocol] [36mInitializing ProtocolHandler ["http-nio-8080"][0;39m 
[2024-06-05 14:59:26 [32mINFO [0;39m restartedMain] [org.apache.catalina.core.StandardService] [36mStarting service [Tomcat][0;39m 
[2024-06-05 14:59:26 [32mINFO [0;39m restartedMain] [org.apache.catalina.core.StandardEngine] [36mStarting Servlet engine: [Apache Tomcat/10.1.24][0;39m 
[2024-06-05 14:59:26 [32mINFO [0;39m restartedMain] [org.apache.catalina.core.ContainerBase.[Tomcat].[localhost].[/]] [36mInitializing Spring embedded WebApplicationContext[0;39m 
[2024-06-05 14:59:26 [32mINFO [0;39m restartedMain] [org.springframework.boot.web.servlet.context.ServletWebServerApplicationContext] [36mRoot WebApplicationContext: initialization completed in 997 ms[0;39m 
[2024-06-05 14:59:26 [32mINFO [0;39m restartedMain] [org.springframework.boot.autoconfigure.web.servlet.WelcomePageHandlerMapping] [36mAdding welcome page: class path resource [static/index.html][0;39m 
[2024-06-05 14:59:26 [32mINFO [0;39m restartedMain] [org.springframework.boot.devtools.autoconfigure.OptionalLiveReloadServer] [36mLiveReload server is running on port 35729[0;39m 
[2024-06-05 14:59:26 [32mINFO [0;39m restartedMain] [org.springframework.boot.actuate.endpoint.web.EndpointLinksResolver] [36mExposing 1 endpoint(s) beneath base path '/actuator'[0;39m 
[2024-06-05 14:59:26 [32mINFO [0;39m restartedMain] [org.apache.coyote.http11.Http11NioProtocol] [36mStarting ProtocolHandler ["http-nio-8080"][0;39m 
[2024-06-05 14:59:26 [32mINFO [0;39m restartedMain] [org.springframework.boot.web.embedded.tomcat.TomcatWebServer] [36mTomcat started on port 8080 (http) with context path ''[0;39m 
[2024-06-05 14:59:26 [32mINFO [0;39m restartedMain] [com.green.firstproject.FirstProjectApplication] [36mStarted FirstProjectApplication in 2.111 seconds (process running for 2.525)[0;39m 
[2024-06-05 14:59:27 [32mINFO [0;39m RMI TCP Connection(2)-192.168.0.53] [org.apache.catalina.core.ContainerBase.[Tomcat].[localhost].[/]] [36mInitializing Spring DispatcherServlet 'dispatcherServlet'[0;39m 
[2024-06-05 14:59:27 [32mINFO [0;39m RMI TCP Connection(2)-192.168.0.53] [org.springframework.web.servlet.DispatcherServlet] [36mInitializing Servlet 'dispatcherServlet'[0;39m 
[2024-06-05 14:59:27 [32mINFO [0;39m RMI TCP Connection(2)-192.168.0.53] [org.springframework.web.servlet.DispatcherServlet] [36mCompleted initialization in 2 ms[0;39m 
[2024-06-05 14:59:27 [32mINFO [0;39m RMI TCP Connection(1)-192.168.0.53] [com.zaxxer.hikari.HikariDataSource] [36mHikariPool-1 - Starting...[0;39m 
[2024-06-05 14:59:27 [32mINFO [0;39m RMI TCP Connection(1)-192.168.0.53] [com.zaxxer.hikari.pool.HikariPool] [36mHikariPool-1 - Added connection net.sf.log4jdbc.sql.jdbcapi.ConnectionSpy@42219849[0;39m 
[2024-06-05 14:59:27 [32mINFO [0;39m RMI TCP Connection(1)-192.168.0.53] [com.zaxxer.hikari.HikariDataSource] [36mHikariPool-1 - Start completed.[0;39m 
[2024-06-05 15:00:18 [32mDEBUG[0;39m http-nio-8080-exec-8] [jdbc.sqltiming] [36m com.zaxxer.hikari.pool.ProxyPreparedStatement.execute(ProxyPreparedStatement.java:44)
1. INSERT INTO tour
        SET user_id = 2
        , title = '124124'
        , tour_location = '대구'
        , tour_startday = '2024-06-12'
        , tour_finishday = '2024-07-12'
        , tour_budget = 124124
        , tour_color = NULL
 {executed in 1 msec}[0;39m 
[2024-06-05 15:00:18 [32mDEBUG[0;39m http-nio-8080-exec-8] [jdbc.sqltiming] [36m com.zaxxer.hikari.pool.ProxyStatement.getGeneratedKeys(ProxyStatement.java:229)
1. getGeneratedKeys on query: INSERT INTO tour
        SET user_id = 2
        , title = '124124'
        , tour_location = '대구'
        , tour_startday = '2024-06-12'
        , tour_finishday = '2024-07-12'
        , tour_budget = 124124
        , tour_color = NULL
 {executed in 0 msec}[0;39m 
[2024-06-05 15:00:18 [32mINFO [0;39m http-nio-8080-exec-8] [jdbc.resultsettable] [36m
|----------|
|insert_id |
|----------|
|6         |
|----------|
[0;39m 
[2024-06-05 15:00:52 [32mDEBUG[0;39m http-nio-8080-exec-5] [jdbc.sqltiming] [36m com.zaxxer.hikari.pool.ProxyPreparedStatement.execute(ProxyPreparedStatement.java:44)
1. INSERT INTO tour
        SET user_id = 2
        , title = '123'
        , tour_location = '123'
        , tour_startday = '2024-06-06'
        , tour_finishday = '2024-06-21'
        , tour_budget = 123
        , tour_color = NULL
 {executed in 3 msec}[0;39m 
[2024-06-05 15:00:52 [32mDEBUG[0;39m http-nio-8080-exec-5] [jdbc.sqltiming] [36m com.zaxxer.hikari.pool.ProxyStatement.getGeneratedKeys(ProxyStatement.java:229)
1. getGeneratedKeys on query: INSERT INTO tour
        SET user_id = 2
        , title = '123'
        , tour_location = '123'
        , tour_startday = '2024-06-06'
        , tour_finishday = '2024-06-21'
        , tour_budget = 123
        , tour_color = NULL
 {executed in 0 msec}[0;39m 
[2024-06-05 15:00:52 [32mINFO [0;39m http-nio-8080-exec-5] [jdbc.resultsettable] [36m
|----------|
|insert_id |
|----------|
|7         |
|----------|
[0;39m 
[2024-06-05 15:00:58 [32mDEBUG[0;39m http-nio-8080-exec-2] [jdbc.sqltiming] [36m com.zaxxer.hikari.pool.ProxyPreparedStatement.execute(ProxyPreparedStatement.java:44)
1. INSERT INTO tour
        SET user_id = 2
        , title = 'test2'
        , tour_location = '서울'
        , tour_startday = '2024-06-21'
        , tour_finishday = '2024-06-29'
        , tour_budget = 124124
        , tour_color = NULL
 {executed in 2 msec}[0;39m 
[2024-06-05 15:00:58 [32mDEBUG[0;39m http-nio-8080-exec-2] [jdbc.sqltiming] [36m com.zaxxer.hikari.pool.ProxyStatement.getGeneratedKeys(ProxyStatement.java:229)
1. getGeneratedKeys on query: INSERT INTO tour
        SET user_id = 2
        , title = 'test2'
        , tour_location = '서울'
        , tour_startday = '2024-06-21'
        , tour_finishday = '2024-06-29'
        , tour_budget = 124124
        , tour_color = NULL
 {executed in 0 msec}[0;39m 
[2024-06-05 15:00:58 [32mINFO [0;39m http-nio-8080-exec-2] [jdbc.resultsettable] [36m
|----------|
|insert_id |
|----------|
|8         |
|----------|
[0;39m 
[2024-06-05 15:02:16 [32mINFO [0;39m http-nio-8080-exec-9] [org.springdoc.api.AbstractOpenApiResource] [36mInit duration for springdoc-openapi is: 191 ms[0;39m 
[2024-06-05 15:05:40 [32mDEBUG[0;39m http-nio-8080-exec-8] [jdbc.sqltiming] [36m com.zaxxer.hikari.pool.ProxyPreparedStatement.execute(ProxyPreparedStatement.java:44)
1. INSERT INTO tour
        SET user_id = 2
        , title = 'test3'
        , tour_location = '구미'
        , tour_startday = '2024-06-14'
        , tour_finishday = '2024-06-29'
        , tour_budget = 1557
        , tour_color = NULL
 {executed in 1 msec}[0;39m 
[2024-06-05 15:05:40 [32mDEBUG[0;39m http-nio-8080-exec-8] [jdbc.sqltiming] [36m com.zaxxer.hikari.pool.ProxyStatement.getGeneratedKeys(ProxyStatement.java:229)
1. getGeneratedKeys on query: INSERT INTO tour
        SET user_id = 2
        , title = 'test3'
        , tour_location = '구미'
        , tour_startday = '2024-06-14'
        , tour_finishday = '2024-06-29'
        , tour_budget = 1557
        , tour_color = NULL
 {executed in 0 msec}[0;39m 
[2024-06-05 15:05:40 [32mINFO [0;39m http-nio-8080-exec-8] [jdbc.resultsettable] [36m
|----------|
|insert_id |
|----------|
|9         |
|----------|
[0;39m 
[2024-06-05 15:05:49 [32mDEBUG[0;39m http-nio-8080-exec-9] [jdbc.sqltiming] [36m com.zaxxer.hikari.pool.ProxyPreparedStatement.execute(ProxyPreparedStatement.java:44)
1. INSERT INTO tour
        SET user_id = 2
        , title = '가자'
        , tour_location = '대구'
        , tour_startday = '2024-06-06'
        , tour_finishday = '2024-06-21'
        , tour_budget = 999
        , tour_color = NULL
 {executed in 2 msec}[0;39m 
[2024-06-05 15:05:49 [32mDEBUG[0;39m http-nio-8080-exec-9] [jdbc.sqltiming] [36m com.zaxxer.hikari.pool.ProxyStatement.getGeneratedKeys(ProxyStatement.java:229)
1. getGeneratedKeys on query: INSERT INTO tour
        SET user_id = 2
        , title = '가자'
        , tour_location = '대구'
        , tour_startday = '2024-06-06'
        , tour_finishday = '2024-06-21'
        , tour_budget = 999
        , tour_color = NULL
 {executed in 0 msec}[0;39m 
[2024-06-05 15:05:49 [32mINFO [0;39m http-nio-8080-exec-9] [jdbc.resultsettable] [36m
|----------|
|insert_id |
|----------|
|10        |
|----------|
[0;39m 
[2024-06-05 15:06:26 [32mDEBUG[0;39m http-nio-8080-exec-2] [jdbc.sqltiming] [36m com.zaxxer.hikari.pool.ProxyPreparedStatement.execute(ProxyPreparedStatement.java:44)
1. SELECT tour_id AS tourId, title, tour_location AS tourLocation
             , tour_startday AS tourStartDay, tour_finishday AS tourFinishDay
             , tour_color AS tourColor
        FROM tour
        WHERE user_id = 2
        ORDER BY tour_id
 {executed in 0 msec}[0;39m 
[2024-06-05 15:06:26 [32mINFO [0;39m http-nio-8080-exec-2] [jdbc.resultsettable] [36m
|--------|-------|--------------|--------------|---------------|-----------|
|tour_id |title  |tour_location |tour_startday |tour_finishday |tour_color |
|--------|-------|--------------|--------------|---------------|-----------|
|3       |test1  |daegu         |2024-07-28    |2024-08-02     |#2a3w22    |
|4       |test2  |seoul         |2024-08-28    |2024-09-02     |#3a3w22    |
|5       |가자     |대구            |2024-06-06    |2024-06-09     |string     |
|6       |124124 |대구            |2024-06-12    |2024-07-12     |null       |
|7       |123    |123           |2024-06-06    |2024-06-21     |null       |
|8       |test2  |서울            |2024-06-21    |2024-06-29     |null       |
|9       |test3  |구미            |2024-06-14    |2024-06-29     |null       |
|10      |가자     |대구            |2024-06-06    |2024-06-21     |null       |
|--------|-------|--------------|--------------|---------------|-----------|
[0;39m 
[2024-06-05 15:07:09 [32mDEBUG[0;39m http-nio-8080-exec-6] [jdbc.sqltiming] [36m com.zaxxer.hikari.pool.ProxyPreparedStatement.execute(ProxyPreparedStatement.java:44)
1. INSERT INTO tour
        SET user_id = 2
        , title = '99999'
        , tour_location = '서구'
        , tour_startday = '2024-06-06'
        , tour_finishday = '2024-06-14'
        , tour_budget = 1234
        , tour_color = NULL
 {executed in 4 msec}[0;39m 
[2024-06-05 15:07:09 [32mDEBUG[0;39m http-nio-8080-exec-6] [jdbc.sqltiming] [36m com.zaxxer.hikari.pool.ProxyStatement.getGeneratedKeys(ProxyStatement.java:229)
1. getGeneratedKeys on query: INSERT INTO tour
        SET user_id = 2
        , title = '99999'
        , tour_location = '서구'
        , tour_startday = '2024-06-06'
        , tour_finishday = '2024-06-14'
        , tour_budget = 1234
        , tour_color = NULL
 {executed in 0 msec}[0;39m 
[2024-06-05 15:07:09 [32mINFO [0;39m http-nio-8080-exec-6] [jdbc.resultsettable] [36m
|----------|
|insert_id |
|----------|
|11        |
|----------|
[0;39m 
[2024-06-05 15:07:17 [32mDEBUG[0;39m http-nio-8080-exec-1] [jdbc.sqltiming] [36m com.zaxxer.hikari.pool.ProxyPreparedStatement.execute(ProxyPreparedStatement.java:44)
1. SELECT tour_id AS tourId, title, tour_location AS tourLocation
             , tour_startday AS tourStartDay, tour_finishday AS tourFinishDay
             , tour_color AS tourColor
        FROM tour
        WHERE user_id = 2
        ORDER BY tour_id
 {executed in 1 msec}[0;39m 
[2024-06-05 15:07:17 [32mINFO [0;39m http-nio-8080-exec-1] [jdbc.resultsettable] [36m
|--------|-------|--------------|--------------|---------------|-----------|
|tour_id |title  |tour_location |tour_startday |tour_finishday |tour_color |
|--------|-------|--------------|--------------|---------------|-----------|
|3       |test1  |daegu         |2024-07-28    |2024-08-02     |#2a3w22    |
|4       |test2  |seoul         |2024-08-28    |2024-09-02     |#3a3w22    |
|5       |가자     |대구            |2024-06-06    |2024-06-09     |string     |
|6       |124124 |대구            |2024-06-12    |2024-07-12     |null       |
|7       |123    |123           |2024-06-06    |2024-06-21     |null       |
|8       |test2  |서울            |2024-06-21    |2024-06-29     |null       |
|9       |test3  |구미            |2024-06-14    |2024-06-29     |null       |
|10      |가자     |대구            |2024-06-06    |2024-06-21     |null       |
|11      |99999  |서구            |2024-06-06    |2024-06-14     |null       |
|--------|-------|--------------|--------------|---------------|-----------|
[0;39m 
[2024-06-05 15:09:53 [32mDEBUG[0;39m http-nio-8080-exec-10] [jdbc.sqltiming] [36m com.zaxxer.hikari.pool.ProxyPreparedStatement.execute(ProxyPreparedStatement.java:44)
1. INSERT INTO tour
        SET user_id = 2
        , title = '추가'
        , tour_location = '추가'
        , tour_startday = '2024-06-04'
        , tour_finishday = '2024-06-14'
        , tour_budget = 5454545
        , tour_color = NULL
 {executed in 3 msec}[0;39m 
[2024-06-05 15:09:53 [32mDEBUG[0;39m http-nio-8080-exec-10] [jdbc.sqltiming] [36m com.zaxxer.hikari.pool.ProxyStatement.getGeneratedKeys(ProxyStatement.java:229)
1. getGeneratedKeys on query: INSERT INTO tour
        SET user_id = 2
        , title = '추가'
        , tour_location = '추가'
        , tour_startday = '2024-06-04'
        , tour_finishday = '2024-06-14'
        , tour_budget = 5454545
        , tour_color = NULL
 {executed in 0 msec}[0;39m 
[2024-06-05 15:09:53 [32mINFO [0;39m http-nio-8080-exec-10] [jdbc.resultsettable] [36m
|----------|
|insert_id |
|----------|
|12        |
|----------|
[0;39m 
[2024-06-05 15:10:11 [32mDEBUG[0;39m http-nio-8080-exec-9] [jdbc.sqltiming] [36m com.zaxxer.hikari.pool.ProxyPreparedStatement.execute(ProxyPreparedStatement.java:44)
1. SELECT tour_id AS tourId, title, tour_location AS tourLocation
             , tour_startday AS tourStartDay, tour_finishday AS tourFinishDay
             , tour_color AS tourColor
        FROM tour
        WHERE user_id = 2
        ORDER BY tour_id
 {executed in 1 msec}[0;39m 
[2024-06-05 15:10:11 [32mINFO [0;39m http-nio-8080-exec-9] [jdbc.resultsettable] [36m
|--------|-------|--------------|--------------|---------------|-----------|
|tour_id |title  |tour_location |tour_startday |tour_finishday |tour_color |
|--------|-------|--------------|--------------|---------------|-----------|
|3       |test1  |daegu         |2024-07-28    |2024-08-02     |#2a3w22    |
|4       |test2  |seoul         |2024-08-28    |2024-09-02     |#3a3w22    |
|5       |가자     |대구            |2024-06-06    |2024-06-09     |string     |
|6       |124124 |대구            |2024-06-12    |2024-07-12     |null       |
|7       |123    |123           |2024-06-06    |2024-06-21     |null       |
|8       |test2  |서울            |2024-06-21    |2024-06-29     |null       |
|9       |test3  |구미            |2024-06-14    |2024-06-29     |null       |
|10      |가자     |대구            |2024-06-06    |2024-06-21     |null       |
|11      |99999  |서구            |2024-06-06    |2024-06-14     |null       |
|12      |추가     |추가            |2024-06-04    |2024-06-14     |null       |
|--------|-------|--------------|--------------|---------------|-----------|
[0;39m 
[2024-06-05 15:11:51 [32mDEBUG[0;39m http-nio-8080-exec-5] [jdbc.sqltiming] [36m com.zaxxer.hikari.pool.ProxyPreparedStatement.execute(ProxyPreparedStatement.java:44)
1. INSERT INTO tour
        SET user_id = 2
        , title = '여행 제목입니다.'
        , tour_location = '목적지 입니다.'
        , tour_startday = '2024-06-06'
        , tour_finishday = '2024-06-21'
        , tour_budget = 2000000
        , tour_color = NULL
 {executed in 3 msec}[0;39m 
[2024-06-05 15:11:51 [32mDEBUG[0;39m http-nio-8080-exec-5] [jdbc.sqltiming] [36m com.zaxxer.hikari.pool.ProxyStatement.getGeneratedKeys(ProxyStatement.java:229)
1. getGeneratedKeys on query: INSERT INTO tour
        SET user_id = 2
        , title = '여행 제목입니다.'
        , tour_location = '목적지 입니다.'
        , tour_startday = '2024-06-06'
        , tour_finishday = '2024-06-21'
        , tour_budget = 2000000
        , tour_color = NULL
 {executed in 0 msec}[0;39m 
[2024-06-05 15:11:51 [32mINFO [0;39m http-nio-8080-exec-5] [jdbc.resultsettable] [36m
|----------|
|insert_id |
|----------|
|13        |
|----------|
[0;39m 
[2024-06-05 15:13:59 [32mDEBUG[0;39m http-nio-8080-exec-4] [jdbc.sqltiming] [36m com.zaxxer.hikari.pool.ProxyPreparedStatement.execute(ProxyPreparedStatement.java:44)
1. INSERT INTO tour
        SET user_id = 2
        , title = '9999'
        , tour_location = '123123'
        , tour_startday = '2024-06-07'
        , tour_finishday = '2024-06-14'
        , tour_budget = 123
        , tour_color = NULL
 {executed in 3 msec}[0;39m 
[2024-06-05 15:13:59 [32mDEBUG[0;39m http-nio-8080-exec-4] [jdbc.sqltiming] [36m com.zaxxer.hikari.pool.ProxyStatement.getGeneratedKeys(ProxyStatement.java:229)
1. getGeneratedKeys on query: INSERT INTO tour
        SET user_id = 2
        , title = '9999'
        , tour_location = '123123'
        , tour_startday = '2024-06-07'
        , tour_finishday = '2024-06-14'
        , tour_budget = 123
        , tour_color = NULL
 {executed in 0 msec}[0;39m 
[2024-06-05 15:13:59 [32mINFO [0;39m http-nio-8080-exec-4] [jdbc.resultsettable] [36m
|----------|
|insert_id |
|----------|
|14        |
|----------|
[0;39m 
[2024-06-05 15:16:52 [32mDEBUG[0;39m http-nio-8080-exec-7] [jdbc.sqltiming] [36m com.zaxxer.hikari.pool.ProxyPreparedStatement.execute(ProxyPreparedStatement.java:44)
1. INSERT INTO tour
        SET user_id = 2
        , title = '151515'
        , tour_location = '15151'
        , tour_startday = '2024-06-06'
        , tour_finishday = '2024-06-14'
        , tour_budget = 15
        , tour_color = NULL
 {executed in 2 msec}[0;39m 
[2024-06-05 15:16:52 [32mDEBUG[0;39m http-nio-8080-exec-7] [jdbc.sqltiming] [36m com.zaxxer.hikari.pool.ProxyStatement.getGeneratedKeys(ProxyStatement.java:229)
1. getGeneratedKeys on query: INSERT INTO tour
        SET user_id = 2
        , title = '151515'
        , tour_location = '15151'
        , tour_startday = '2024-06-06'
        , tour_finishday = '2024-06-14'
        , tour_budget = 15
        , tour_color = NULL
 {executed in 0 msec}[0;39m 
[2024-06-05 15:16:52 [32mINFO [0;39m http-nio-8080-exec-7] [jdbc.resultsettable] [36m
|----------|
|insert_id |
|----------|
|15        |
|----------|
[0;39m 
[2024-06-05 15:17:13 [32mDEBUG[0;39m http-nio-8080-exec-10] [jdbc.sqltiming] [36m com.zaxxer.hikari.pool.ProxyPreparedStatement.execute(ProxyPreparedStatement.java:44)
1. INSERT INTO tour
        SET user_id = 2
        , title = '1451435'
        , tour_location = '134513451'
        , tour_startday = '2024-06-14'
        , tour_finishday = '2024-06-21'
        , tour_budget = 1345
        , tour_color = NULL
 {executed in 3 msec}[0;39m 
[2024-06-05 15:17:13 [32mDEBUG[0;39m http-nio-8080-exec-10] [jdbc.sqltiming] [36m com.zaxxer.hikari.pool.ProxyStatement.getGeneratedKeys(ProxyStatement.java:229)
1. getGeneratedKeys on query: INSERT INTO tour
        SET user_id = 2
        , title = '1451435'
        , tour_location = '134513451'
        , tour_startday = '2024-06-14'
        , tour_finishday = '2024-06-21'
        , tour_budget = 1345
        , tour_color = NULL
 {executed in 1 msec}[0;39m 
[2024-06-05 15:17:13 [32mINFO [0;39m http-nio-8080-exec-10] [jdbc.resultsettable] [36m
|----------|
|insert_id |
|----------|
|16        |
|----------|
[0;39m 
[2024-06-05 15:22:40 [32mDEBUG[0;39m http-nio-8080-exec-1] [jdbc.sqltiming] [36m com.zaxxer.hikari.pool.ProxyPreparedStatement.execute(ProxyPreparedStatement.java:44)
1. INSERT INTO tour
        SET user_id = 2
        , title = '1515151515'
        , tour_location = '15151515'
        , tour_startday = '2024-06-04'
        , tour_finishday = '2024-06-21'
        , tour_budget = 1515151515
        , tour_color = NULL
 {executed in 3 msec}[0;39m 
[2024-06-05 15:22:40 [32mDEBUG[0;39m http-nio-8080-exec-1] [jdbc.sqltiming] [36m com.zaxxer.hikari.pool.ProxyStatement.getGeneratedKeys(ProxyStatement.java:229)
1. getGeneratedKeys on query: INSERT INTO tour
        SET user_id = 2
        , title = '1515151515'
        , tour_location = '15151515'
        , tour_startday = '2024-06-04'
        , tour_finishday = '2024-06-21'
        , tour_budget = 1515151515
        , tour_color = NULL
 {executed in 0 msec}[0;39m 
[2024-06-05 15:22:40 [32mINFO [0;39m http-nio-8080-exec-1] [jdbc.resultsettable] [36m
|----------|
|insert_id |
|----------|
|17        |
|----------|
[0;39m 
[2024-06-05 16:01:11 [32mDEBUG[0;39m http-nio-8080-exec-2] [jdbc.sqltiming] [36m com.zaxxer.hikari.pool.ProxyPreparedStatement.execute(ProxyPreparedStatement.java:44)
21. INSERT INTO tour
        SET user_id = 2
        , title = '1234'
        , tour_location = '1234'
        , tour_startday = '2024-06-13'
        , tour_finishday = '2024-06-28'
        , tour_budget = 1234
        , tour_color = NULL
 {executed in 3 msec}[0;39m 
[2024-06-05 16:01:11 [32mDEBUG[0;39m http-nio-8080-exec-2] [jdbc.sqltiming] [36m com.zaxxer.hikari.pool.ProxyStatement.getGeneratedKeys(ProxyStatement.java:229)
21. getGeneratedKeys on query: INSERT INTO tour
        SET user_id = 2
        , title = '1234'
        , tour_location = '1234'
        , tour_startday = '2024-06-13'
        , tour_finishday = '2024-06-28'
        , tour_budget = 1234
        , tour_color = NULL
 {executed in 0 msec}[0;39m 
[2024-06-05 16:01:11 [32mINFO [0;39m http-nio-8080-exec-2] [jdbc.resultsettable] [36m
|----------|
|insert_id |
|----------|
|18        |
|----------|
[0;39m 
[2024-06-05 16:10:29 [32mINFO [0;39m SpringApplicationShutdownHook] [com.zaxxer.hikari.HikariDataSource] [36mHikariPool-1 - Shutdown initiated...[0;39m 
[2024-06-05 16:10:29 [32mINFO [0;39m SpringApplicationShutdownHook] [com.zaxxer.hikari.HikariDataSource] [36mHikariPool-1 - Shutdown completed.[0;39m 
[2024-06-05 16:10:31 [32mINFO [0;39m restartedMain] [com.green.firstproject.FirstProjectApplication] [36mStarting FirstProjectApplication using Java 17.0.11 with PID 3896 (D:\2024-01\backend\demo1\build\classes\java\main started by Administrator in D:\2024-01\backend\demo1)[0;39m 
[2024-06-05 16:10:31 [32mINFO [0;39m restartedMain] [com.green.firstproject.FirstProjectApplication] [36mNo active profile set, falling back to 1 default profile: "default"[0;39m 
[2024-06-05 16:10:31 [32mINFO [0;39m restartedMain] [org.springframework.boot.devtools.env.DevToolsPropertyDefaultsPostProcessor] [36mDevtools property defaults active! Set 'spring.devtools.add-properties' to 'false' to disable[0;39m 
[2024-06-05 16:10:31 [32mINFO [0;39m restartedMain] [org.springframework.boot.devtools.env.DevToolsPropertyDefaultsPostProcessor] [36mFor additional web related logging consider setting the 'logging.level.web' property to 'DEBUG'[0;39m 
[2024-06-05 16:10:31 [33mWARN [0;39m restartedMain] [org.springframework.context.support.PostProcessorRegistrationDelegate$BeanPostProcessorChecker] [36mBean 'org.springframework.ws.config.annotation.DelegatingWsConfiguration' of type [org.springframework.ws.config.annotation.DelegatingWsConfiguration$$SpringCGLIB$$0] is not eligible for getting processed by all BeanPostProcessors (for example: not eligible for auto-proxying). The currently created BeanPostProcessor [annotationActionEndpointMapping] is declared through a non-static factory method on that class; consider declaring it as static instead.[0;39m 
[2024-06-05 16:10:31 [32mINFO [0;39m restartedMain] [org.springframework.ws.soap.addressing.server.AnnotationActionEndpointMapping] [36mSupporting [WS-Addressing August 2004, WS-Addressing 1.0][0;39m 
[2024-06-05 16:10:32 [32mINFO [0;39m restartedMain] [org.springframework.boot.web.embedded.tomcat.TomcatWebServer] [36mTomcat initialized with port 8080 (http)[0;39m 
[2024-06-05 16:10:32 [32mINFO [0;39m restartedMain] [org.apache.coyote.http11.Http11NioProtocol] [36mInitializing ProtocolHandler ["http-nio-8080"][0;39m 
[2024-06-05 16:10:32 [32mINFO [0;39m restartedMain] [org.apache.catalina.core.StandardService] [36mStarting service [Tomcat][0;39m 
[2024-06-05 16:10:32 [32mINFO [0;39m restartedMain] [org.apache.catalina.core.StandardEngine] [36mStarting Servlet engine: [Apache Tomcat/10.1.24][0;39m 
[2024-06-05 16:10:32 [32mINFO [0;39m restartedMain] [org.apache.catalina.core.ContainerBase.[Tomcat].[localhost].[/]] [36mInitializing Spring embedded WebApplicationContext[0;39m 
[2024-06-05 16:10:32 [32mINFO [0;39m restartedMain] [org.springframework.boot.web.servlet.context.ServletWebServerApplicationContext] [36mRoot WebApplicationContext: initialization completed in 1006 ms[0;39m 
[2024-06-05 16:10:32 [32mINFO [0;39m restartedMain] [org.springframework.boot.autoconfigure.web.servlet.WelcomePageHandlerMapping] [36mAdding welcome page: class path resource [static/index.html][0;39m 
[2024-06-05 16:10:32 [32mINFO [0;39m restartedMain] [org.springframework.boot.devtools.autoconfigure.OptionalLiveReloadServer] [36mLiveReload server is running on port 35729[0;39m 
[2024-06-05 16:10:32 [32mINFO [0;39m restartedMain] [org.springframework.boot.actuate.endpoint.web.EndpointLinksResolver] [36mExposing 1 endpoint(s) beneath base path '/actuator'[0;39m 
[2024-06-05 16:10:32 [32mINFO [0;39m restartedMain] [org.apache.coyote.http11.Http11NioProtocol] [36mStarting ProtocolHandler ["http-nio-8080"][0;39m 
[2024-06-05 16:10:32 [32mINFO [0;39m restartedMain] [org.springframework.boot.web.embedded.tomcat.TomcatWebServer] [36mTomcat started on port 8080 (http) with context path ''[0;39m 
[2024-06-05 16:10:32 [32mINFO [0;39m restartedMain] [com.green.firstproject.FirstProjectApplication] [36mStarted FirstProjectApplication in 2.16 seconds (process running for 2.641)[0;39m 
[2024-06-05 16:10:33 [32mINFO [0;39m RMI TCP Connection(1)-192.168.0.53] [org.apache.catalina.core.ContainerBase.[Tomcat].[localhost].[/]] [36mInitializing Spring DispatcherServlet 'dispatcherServlet'[0;39m 
[2024-06-05 16:10:33 [32mINFO [0;39m RMI TCP Connection(1)-192.168.0.53] [org.springframework.web.servlet.DispatcherServlet] [36mInitializing Servlet 'dispatcherServlet'[0;39m 
[2024-06-05 16:10:33 [32mINFO [0;39m RMI TCP Connection(2)-192.168.0.53] [com.zaxxer.hikari.HikariDataSource] [36mHikariPool-1 - Starting...[0;39m 
[2024-06-05 16:10:33 [32mINFO [0;39m RMI TCP Connection(1)-192.168.0.53] [org.springframework.web.servlet.DispatcherServlet] [36mCompleted initialization in 1 ms[0;39m 
[2024-06-05 16:10:33 [32mINFO [0;39m RMI TCP Connection(2)-192.168.0.53] [com.zaxxer.hikari.pool.HikariPool] [36mHikariPool-1 - Added connection net.sf.log4jdbc.sql.jdbcapi.ConnectionSpy@65dd0a11[0;39m 
[2024-06-05 16:10:33 [32mINFO [0;39m RMI TCP Connection(2)-192.168.0.53] [com.zaxxer.hikari.HikariDataSource] [36mHikariPool-1 - Start completed.[0;39m 
[2024-06-05 16:10:52 [33mWARN [0;39m http-nio-8080-exec-2] [org.springframework.web.servlet.mvc.support.DefaultHandlerExceptionResolver] [36mResolved [org.springframework.web.HttpRequestMethodNotSupportedException: Request method 'POST' is not supported][0;39m 
[2024-06-05 16:10:56 [33mWARN [0;39m http-nio-8080-exec-7] [org.springframework.web.servlet.mvc.support.DefaultHandlerExceptionResolver] [36mResolved [org.springframework.web.HttpRequestMethodNotSupportedException: Request method 'POST' is not supported][0;39m 
[2024-06-05 16:12:37 [33mWARN [0;39m http-nio-8080-exec-8] [org.springframework.web.servlet.mvc.support.DefaultHandlerExceptionResolver] [36mResolved [org.springframework.web.HttpRequestMethodNotSupportedException: Request method 'POST' is not supported][0;39m 
[2024-06-05 16:12:38 [33mWARN [0;39m http-nio-8080-exec-10] [org.springframework.web.servlet.mvc.support.DefaultHandlerExceptionResolver] [36mResolved [org.springframework.web.HttpRequestMethodNotSupportedException: Request method 'POST' is not supported][0;39m 
[2024-06-05 16:12:38 [33mWARN [0;39m http-nio-8080-exec-2] [org.springframework.web.servlet.mvc.support.DefaultHandlerExceptionResolver] [36mResolved [org.springframework.web.HttpRequestMethodNotSupportedException: Request method 'POST' is not supported][0;39m 
[2024-06-05 16:12:39 [33mWARN [0;39m http-nio-8080-exec-7] [org.springframework.web.servlet.mvc.support.DefaultHandlerExceptionResolver] [36mResolved [org.springframework.web.HttpRequestMethodNotSupportedException: Request method 'POST' is not supported][0;39m 
[2024-06-05 16:12:39 [33mWARN [0;39m http-nio-8080-exec-9] [org.springframework.web.servlet.mvc.support.DefaultHandlerExceptionResolver] [36mResolved [org.springframework.web.HttpRequestMethodNotSupportedException: Request method 'POST' is not supported][0;39m 
[2024-06-05 16:12:39 [33mWARN [0;39m http-nio-8080-exec-5] [org.springframework.web.servlet.mvc.support.DefaultHandlerExceptionResolver] [36mResolved [org.springframework.web.HttpRequestMethodNotSupportedException: Request method 'POST' is not supported][0;39m 
[2024-06-05 16:12:39 [33mWARN [0;39m http-nio-8080-exec-6] [org.springframework.web.servlet.mvc.support.DefaultHandlerExceptionResolver] [36mResolved [org.springframework.web.HttpRequestMethodNotSupportedException: Request method 'POST' is not supported][0;39m 
[2024-06-05 16:12:56 [33mWARN [0;39m http-nio-8080-exec-3] [org.springframework.web.servlet.mvc.support.DefaultHandlerExceptionResolver] [36mResolved [org.springframework.web.HttpRequestMethodNotSupportedException: Request method 'POST' is not supported][0;39m 
[2024-06-05 16:12:57 [33mWARN [0;39m http-nio-8080-exec-8] [org.springframework.web.servlet.mvc.support.DefaultHandlerExceptionResolver] [36mResolved [org.springframework.web.HttpRequestMethodNotSupportedException: Request method 'POST' is not supported][0;39m 
[2024-06-05 16:12:57 [33mWARN [0;39m http-nio-8080-exec-10] [org.springframework.web.servlet.mvc.support.DefaultHandlerExceptionResolver] [36mResolved [org.springframework.web.HttpRequestMethodNotSupportedException: Request method 'POST' is not supported][0;39m 
[2024-06-05 16:13:03 [33mWARN [0;39m http-nio-8080-exec-2] [org.springframework.web.servlet.mvc.support.DefaultHandlerExceptionResolver] [36mResolved [org.springframework.web.HttpRequestMethodNotSupportedException: Request method 'POST' is not supported][0;39m 
[2024-06-05 16:14:10 [32mINFO [0;39m http-nio-8080-exec-1] [org.springdoc.api.AbstractOpenApiResource] [36mInit duration for springdoc-openapi is: 200 ms[0;39m 
[2024-06-05 16:14:16 [32mDEBUG[0;39m http-nio-8080-exec-10] [jdbc.sqltiming] [36m com.zaxxer.hikari.pool.ProxyPreparedStatement.execute(ProxyPreparedStatement.java:44)
1. SELECT tour_id AS tourId, title, tour_location AS tourLocation
             , tour_startday AS tourStartDay, tour_finishday AS tourFinishDay
             , tour_color AS tourColor
        FROM tour
        WHERE user_id = 2
        ORDER BY tour_id
 {executed in 0 msec}[0;39m 
[2024-06-05 16:14:16 [32mINFO [0;39m http-nio-8080-exec-10] [jdbc.resultsettable] [36m
|--------|-----------|--------------|--------------|---------------|-----------|
|tour_id |title      |tour_location |tour_startday |tour_finishday |tour_color |
|--------|-----------|--------------|--------------|---------------|-----------|
|3       |test1      |daegu         |2024-07-28    |2024-08-02     |#2a3w22    |
|4       |test2      |seoul         |2024-08-28    |2024-09-02     |#3a3w22    |
|5       |가자         |대구            |2024-06-06    |2024-06-09     |string     |
|6       |124124     |대구            |2024-06-12    |2024-07-12     |null       |
|7       |123        |123           |2024-06-06    |2024-06-21     |null       |
|8       |test2      |서울            |2024-06-21    |2024-06-29     |null       |
|9       |test3      |구미            |2024-06-14    |2024-06-29     |null       |
|10      |가자         |대구            |2024-06-06    |2024-06-21     |null       |
|11      |99999      |서구            |2024-06-06    |2024-06-14     |null       |
|12      |추가         |추가            |2024-06-04    |2024-06-14     |null       |
|13      |여행 제목입니다.  |목적지 입니다.      |2024-06-06    |2024-06-21     |null       |
|14      |9999       |123123        |2024-06-07    |2024-06-14     |null       |
|15      |151515     |15151         |2024-06-06    |2024-06-14     |null       |
|16      |1451435    |134513451     |2024-06-14    |2024-06-21     |null       |
|17      |1515151515 |15151515      |2024-06-04    |2024-06-21     |null       |
|18      |1234       |1234          |2024-06-13    |2024-06-28     |null       |
|--------|-----------|--------------|--------------|---------------|-----------|
[0;39m 
[2024-06-05 16:20:11 [33mWARN [0;39m http-nio-8080-exec-6] [org.springframework.web.servlet.mvc.support.DefaultHandlerExceptionResolver] [36mResolved [org.springframework.web.HttpRequestMethodNotSupportedException: Request method 'POST' is not supported][0;39m 
[2024-06-05 16:20:42 [32mDEBUG[0;39m http-nio-8080-exec-10] [jdbc.sqltiming] [36m com.zaxxer.hikari.pool.ProxyPreparedStatement.execute(ProxyPreparedStatement.java:44)
1. SELECT tour_id AS tourId, title, tour_location AS tourLocation
             , tour_startday AS tourStartDay, tour_finishday AS tourFinishDay
             , tour_color AS tourColor
        FROM tour
        WHERE user_id = 2
        ORDER BY tour_id
 {executed in 1 msec}[0;39m 
[2024-06-05 16:20:42 [32mINFO [0;39m http-nio-8080-exec-10] [jdbc.resultsettable] [36m
|--------|-----------|--------------|--------------|---------------|-----------|
|tour_id |title      |tour_location |tour_startday |tour_finishday |tour_color |
|--------|-----------|--------------|--------------|---------------|-----------|
|3       |test1      |daegu         |2024-07-28    |2024-08-02     |#2a3w22    |
|4       |test2      |seoul         |2024-08-28    |2024-09-02     |#3a3w22    |
|5       |가자         |대구            |2024-06-06    |2024-06-09     |string     |
|6       |124124     |대구            |2024-06-12    |2024-07-12     |null       |
|7       |123        |123           |2024-06-06    |2024-06-21     |null       |
|8       |test2      |서울            |2024-06-21    |2024-06-29     |null       |
|9       |test3      |구미            |2024-06-14    |2024-06-29     |null       |
|10      |가자         |대구            |2024-06-06    |2024-06-21     |null       |
|11      |99999      |서구            |2024-06-06    |2024-06-14     |null       |
|12      |추가         |추가            |2024-06-04    |2024-06-14     |null       |
|13      |여행 제목입니다.  |목적지 입니다.      |2024-06-06    |2024-06-21     |null       |
|14      |9999       |123123        |2024-06-07    |2024-06-14     |null       |
|15      |151515     |15151         |2024-06-06    |2024-06-14     |null       |
|16      |1451435    |134513451     |2024-06-14    |2024-06-21     |null       |
|17      |1515151515 |15151515      |2024-06-04    |2024-06-21     |null       |
|18      |1234       |1234          |2024-06-13    |2024-06-28     |null       |
|--------|-----------|--------------|--------------|---------------|-----------|
[0;39m 
[2024-06-05 16:20:51 [33mWARN [0;39m http-nio-8080-exec-1] [org.springframework.web.servlet.mvc.support.DefaultHandlerExceptionResolver] [36mResolved [org.springframework.web.HttpRequestMethodNotSupportedException: Request method 'POST' is not supported][0;39m 
[2024-06-05 16:23:18 [33mWARN [0;39m http-nio-8080-exec-7] [org.springframework.web.servlet.mvc.support.DefaultHandlerExceptionResolver] [36mResolved [org.springframework.web.HttpRequestMethodNotSupportedException: Request method 'POST' is not supported][0;39m 
[2024-06-05 16:23:20 [33mWARN [0;39m http-nio-8080-exec-3] [org.springframework.web.servlet.mvc.support.DefaultHandlerExceptionResolver] [36mResolved [org.springframework.web.HttpRequestMethodNotSupportedException: Request method 'POST' is not supported][0;39m 
[2024-06-05 16:24:06 [32mDEBUG[0;39m http-nio-8080-exec-1] [jdbc.sqltiming] [36m com.zaxxer.hikari.pool.ProxyPreparedStatement.execute(ProxyPreparedStatement.java:44)
1. SELECT tour_id AS tourId, title, tour_location AS tourLocation
             , tour_startday AS tourStartDay, tour_finishday AS tourFinishDay
             , tour_color AS tourColor
        FROM tour
        WHERE user_id = 2
        ORDER BY tour_id
 {executed in 0 msec}[0;39m 
[2024-06-05 16:24:06 [32mINFO [0;39m http-nio-8080-exec-1] [jdbc.resultsettable] [36m
|--------|-----------|--------------|--------------|---------------|-----------|
|tour_id |title      |tour_location |tour_startday |tour_finishday |tour_color |
|--------|-----------|--------------|--------------|---------------|-----------|
|3       |test1      |daegu         |2024-07-28    |2024-08-02     |#2a3w22    |
|4       |test2      |seoul         |2024-08-28    |2024-09-02     |#3a3w22    |
|5       |가자         |대구            |2024-06-06    |2024-06-09     |string     |
|6       |124124     |대구            |2024-06-12    |2024-07-12     |null       |
|7       |123        |123           |2024-06-06    |2024-06-21     |null       |
|8       |test2      |서울            |2024-06-21    |2024-06-29     |null       |
|9       |test3      |구미            |2024-06-14    |2024-06-29     |null       |
|10      |가자         |대구            |2024-06-06    |2024-06-21     |null       |
|11      |99999      |서구            |2024-06-06    |2024-06-14     |null       |
|12      |추가         |추가            |2024-06-04    |2024-06-14     |null       |
|13      |여행 제목입니다.  |목적지 입니다.      |2024-06-06    |2024-06-21     |null       |
|14      |9999       |123123        |2024-06-07    |2024-06-14     |null       |
|15      |151515     |15151         |2024-06-06    |2024-06-14     |null       |
|16      |1451435    |134513451     |2024-06-14    |2024-06-21     |null       |
|17      |1515151515 |15151515      |2024-06-04    |2024-06-21     |null       |
|18      |1234       |1234          |2024-06-13    |2024-06-28     |null       |
|--------|-----------|--------------|--------------|---------------|-----------|
[0;39m 
[2024-06-05 16:24:48 [33mWARN [0;39m http-nio-8080-exec-8] [org.springframework.web.servlet.mvc.support.DefaultHandlerExceptionResolver] [36mResolved [org.springframework.web.HttpRequestMethodNotSupportedException: Request method 'POST' is not supported][0;39m 
[2024-06-05 16:26:25 [32mDEBUG[0;39m http-nio-8080-exec-9] [jdbc.sqltiming] [36m com.zaxxer.hikari.pool.ProxyPreparedStatement.execute(ProxyPreparedStatement.java:44)
1. SELECT tour_id AS tourId, title, tour_location AS tourLocation
             , tour_startday AS tourStartDay, tour_finishday AS tourFinishDay
             , tour_color AS tourColor
        FROM tour
        WHERE user_id = 1
        ORDER BY tour_id
 {executed in 1 msec}[0;39m 
[2024-06-05 16:26:25 [32mINFO [0;39m http-nio-8080-exec-9] [jdbc.resultsettable] [36m
|--------|------|--------------|--------------|---------------|-----------|
|tour_id |title |tour_location |tour_startday |tour_finishday |tour_color |
|--------|------|--------------|--------------|---------------|-----------|
|--------|------|--------------|--------------|---------------|-----------|
[0;39m 
[2024-06-05 16:27:17 [33mWARN [0;39m http-nio-8080-exec-1] [org.springframework.web.servlet.mvc.support.DefaultHandlerExceptionResolver] [36mResolved [org.springframework.web.HttpRequestMethodNotSupportedException: Request method 'POST' is not supported][0;39m 
[2024-06-05 16:31:46 [33mWARN [0;39m http-nio-8080-exec-3] [org.springframework.web.servlet.mvc.support.DefaultHandlerExceptionResolver] [36mResolved [org.springframework.web.HttpRequestMethodNotSupportedException: Request method 'POST' is not supported][0;39m 
[2024-06-05 16:33:06 [33mWARN [0;39m http-nio-8080-exec-10] [org.springframework.web.servlet.mvc.support.DefaultHandlerExceptionResolver] [36mResolved [org.springframework.web.HttpRequestMethodNotSupportedException: Request method 'POST' is not supported][0;39m 
[2024-06-05 16:47:04 [32mINFO [0;39m SpringApplicationShutdownHook] [com.zaxxer.hikari.HikariDataSource] [36mHikariPool-1 - Shutdown initiated...[0;39m 
[2024-06-05 16:47:04 [32mINFO [0;39m SpringApplicationShutdownHook] [com.zaxxer.hikari.HikariDataSource] [36mHikariPool-1 - Shutdown completed.[0;39m 
[2024-06-05 16:47:05 [32mINFO [0;39m restartedMain] [com.green.firstproject.FirstProjectApplication] [36mStarting FirstProjectApplication using Java 17.0.11 with PID 10528 (D:\2024-01\backend\demo1\build\classes\java\main started by Administrator in D:\2024-01\backend\demo1)[0;39m 
[2024-06-05 16:47:05 [32mINFO [0;39m restartedMain] [com.green.firstproject.FirstProjectApplication] [36mNo active profile set, falling back to 1 default profile: "default"[0;39m 
[2024-06-05 16:47:05 [32mINFO [0;39m restartedMain] [org.springframework.boot.devtools.env.DevToolsPropertyDefaultsPostProcessor] [36mDevtools property defaults active! Set 'spring.devtools.add-properties' to 'false' to disable[0;39m 
[2024-06-05 16:47:05 [32mINFO [0;39m restartedMain] [org.springframework.boot.devtools.env.DevToolsPropertyDefaultsPostProcessor] [36mFor additional web related logging consider setting the 'logging.level.web' property to 'DEBUG'[0;39m 
[2024-06-05 16:47:06 [33mWARN [0;39m restartedMain] [org.springframework.context.support.PostProcessorRegistrationDelegate$BeanPostProcessorChecker] [36mBean 'org.springframework.ws.config.annotation.DelegatingWsConfiguration' of type [org.springframework.ws.config.annotation.DelegatingWsConfiguration$$SpringCGLIB$$0] is not eligible for getting processed by all BeanPostProcessors (for example: not eligible for auto-proxying). The currently created BeanPostProcessor [annotationActionEndpointMapping] is declared through a non-static factory method on that class; consider declaring it as static instead.[0;39m 
[2024-06-05 16:47:06 [32mINFO [0;39m restartedMain] [org.springframework.ws.soap.addressing.server.AnnotationActionEndpointMapping] [36mSupporting [WS-Addressing August 2004, WS-Addressing 1.0][0;39m 
[2024-06-05 16:47:06 [32mINFO [0;39m restartedMain] [org.springframework.boot.web.embedded.tomcat.TomcatWebServer] [36mTomcat initialized with port 8080 (http)[0;39m 
[2024-06-05 16:47:06 [32mINFO [0;39m restartedMain] [org.apache.coyote.http11.Http11NioProtocol] [36mInitializing ProtocolHandler ["http-nio-8080"][0;39m 
[2024-06-05 16:47:06 [32mINFO [0;39m restartedMain] [org.apache.catalina.core.StandardService] [36mStarting service [Tomcat][0;39m 
[2024-06-05 16:47:06 [32mINFO [0;39m restartedMain] [org.apache.catalina.core.StandardEngine] [36mStarting Servlet engine: [Apache Tomcat/10.1.24][0;39m 
[2024-06-05 16:47:06 [32mINFO [0;39m restartedMain] [org.apache.catalina.core.ContainerBase.[Tomcat].[localhost].[/]] [36mInitializing Spring embedded WebApplicationContext[0;39m 
[2024-06-05 16:47:06 [32mINFO [0;39m restartedMain] [org.springframework.boot.web.servlet.context.ServletWebServerApplicationContext] [36mRoot WebApplicationContext: initialization completed in 992 ms[0;39m 
[2024-06-05 16:47:07 [32mINFO [0;39m restartedMain] [org.springframework.boot.autoconfigure.web.servlet.WelcomePageHandlerMapping] [36mAdding welcome page: class path resource [static/index.html][0;39m 
[2024-06-05 16:47:07 [32mINFO [0;39m restartedMain] [org.springframework.boot.devtools.autoconfigure.OptionalLiveReloadServer] [36mLiveReload server is running on port 35729[0;39m 
[2024-06-05 16:47:07 [32mINFO [0;39m restartedMain] [org.springframework.boot.actuate.endpoint.web.EndpointLinksResolver] [36mExposing 1 endpoint(s) beneath base path '/actuator'[0;39m 
[2024-06-05 16:47:07 [32mINFO [0;39m restartedMain] [org.apache.coyote.http11.Http11NioProtocol] [36mStarting ProtocolHandler ["http-nio-8080"][0;39m 
[2024-06-05 16:47:07 [32mINFO [0;39m restartedMain] [org.springframework.boot.web.embedded.tomcat.TomcatWebServer] [36mTomcat started on port 8080 (http) with context path ''[0;39m 
[2024-06-05 16:47:07 [32mINFO [0;39m restartedMain] [com.green.firstproject.FirstProjectApplication] [36mStarted FirstProjectApplication in 2.033 seconds (process running for 2.448)[0;39m 
[2024-06-05 16:47:07 [32mINFO [0;39m RMI TCP Connection(1)-192.168.0.53] [org.apache.catalina.core.ContainerBase.[Tomcat].[localhost].[/]] [36mInitializing Spring DispatcherServlet 'dispatcherServlet'[0;39m 
[2024-06-05 16:47:07 [32mINFO [0;39m RMI TCP Connection(1)-192.168.0.53] [org.springframework.web.servlet.DispatcherServlet] [36mInitializing Servlet 'dispatcherServlet'[0;39m 
[2024-06-05 16:47:07 [32mINFO [0;39m RMI TCP Connection(2)-192.168.0.53] [com.zaxxer.hikari.HikariDataSource] [36mHikariPool-1 - Starting...[0;39m 
[2024-06-05 16:47:07 [32mINFO [0;39m RMI TCP Connection(1)-192.168.0.53] [org.springframework.web.servlet.DispatcherServlet] [36mCompleted initialization in 1 ms[0;39m 
[2024-06-05 16:47:07 [32mINFO [0;39m RMI TCP Connection(2)-192.168.0.53] [com.zaxxer.hikari.pool.HikariPool] [36mHikariPool-1 - Added connection net.sf.log4jdbc.sql.jdbcapi.ConnectionSpy@7bb35195[0;39m 
[2024-06-05 16:47:07 [32mINFO [0;39m RMI TCP Connection(2)-192.168.0.53] [com.zaxxer.hikari.HikariDataSource] [36mHikariPool-1 - Start completed.[0;39m 
[2024-06-05 16:47:13 [32mINFO [0;39m http-nio-8080-exec-6] [org.springdoc.api.AbstractOpenApiResource] [36mInit duration for springdoc-openapi is: 197 ms[0;39m 
[2024-06-05 16:48:34 [32mDEBUG[0;39m http-nio-8080-exec-4] [jdbc.sqltiming] [36m com.zaxxer.hikari.pool.ProxyPreparedStatement.execute(ProxyPreparedStatement.java:44)
1. UPDATE tour_schedule
        SET tour_schedule_day = 3
        , tour_schedule_start = '12:00'
        , tour_schedule_end = '13:00'
        , title = 'string'
        , tag = 'string'
        , contents = 'string'
        , cost = 0
        WHERE tour_schedule_id = 1
 {executed in 3 msec}[0;39m 
[2024-06-05 16:49:06 [32mDEBUG[0;39m http-nio-8080-exec-8] [jdbc.sqltiming] [36m com.zaxxer.hikari.pool.ProxyPreparedStatement.execute(ProxyPreparedStatement.java:44)
1. UPDATE tour_schedule
        SET tour_schedule_day = 3
        , tour_schedule_start = '12:00'
        , tour_schedule_end = '13:00'
        , title = ''
        , tag = ''
        , contents = 'string'
        , cost = 0
        WHERE tour_schedule_id = 1
 {executed in 2 msec}[0;39m 
[2024-06-05 16:49:28 [32mDEBUG[0;39m http-nio-8080-exec-9] [jdbc.sqltiming] [36m com.zaxxer.hikari.pool.ProxyPreparedStatement.execute(ProxyPreparedStatement.java:44)
1. UPDATE tour_schedule
        SET tour_schedule_day = 3
        , tour_schedule_start = '12:00'
        , tour_schedule_end = '13:00'
        , title = ''
        , tag = ''
        , contents = ''
        , cost = 0
        WHERE tour_schedule_id = 1
 {executed in 2 msec}[0;39m 
[2024-06-05 16:49:46 [33mWARN [0;39m http-nio-8080-exec-10] [org.springframework.web.servlet.mvc.support.DefaultHandlerExceptionResolver] [36mResolved [org.springframework.http.converter.HttpMessageNotReadableException: JSON parse error: Unexpected character ('"' (code 34)): was expecting comma to separate Object entries][0;39m 
[2024-06-05 16:50:09 [33mWARN [0;39m http-nio-8080-exec-1] [org.springframework.web.servlet.mvc.support.DefaultHandlerExceptionResolver] [36mResolved [org.springframework.http.converter.HttpMessageNotReadableException: JSON parse error: Unexpected character ('}' (code 125)): expected a value][0;39m 
[2024-06-05 16:50:42 [33mWARN [0;39m http-nio-8080-exec-3] [org.springframework.web.servlet.mvc.support.DefaultHandlerExceptionResolver] [36mResolved [org.springframework.http.converter.HttpMessageNotReadableException: JSON parse error: Unexpected character ('}' (code 125)): expected a value][0;39m 
[2024-06-05 16:52:53 [33mWARN [0;39m http-nio-8080-exec-5] [org.springframework.web.servlet.mvc.support.DefaultHandlerExceptionResolver] [36mResolved [org.springframework.web.HttpRequestMethodNotSupportedException: Request method 'POST' is not supported][0;39m 
[2024-06-05 17:54:17 [33mWARN [0;39m http-nio-8080-exec-1] [org.springframework.web.servlet.mvc.support.DefaultHandlerExceptionResolver] [36mResolved [org.springframework.web.HttpRequestMethodNotSupportedException: Request method 'POST' is not supported][0;39m 
[2024-06-05 17:54:24 [33mWARN [0;39m http-nio-8080-exec-3] [org.springframework.web.servlet.mvc.support.DefaultHandlerExceptionResolver] [36mResolved [org.springframework.web.HttpRequestMethodNotSupportedException: Request method 'POST' is not supported][0;39m 
[2024-06-05 17:54:27 [33mWARN [0;39m http-nio-8080-exec-5] [org.springframework.web.servlet.mvc.support.DefaultHandlerExceptionResolver] [36mResolved [org.springframework.web.HttpRequestMethodNotSupportedException: Request method 'POST' is not supported][0;39m 
[2024-06-05 17:54:27 [33mWARN [0;39m http-nio-8080-exec-2] [org.springframework.web.servlet.mvc.support.DefaultHandlerExceptionResolver] [36mResolved [org.springframework.web.HttpRequestMethodNotSupportedException: Request method 'POST' is not supported][0;39m 
[2024-06-05 17:54:58 [33mWARN [0;39m http-nio-8080-exec-7] [org.springframework.web.servlet.mvc.support.DefaultHandlerExceptionResolver] [36mResolved [org.springframework.web.bind.MethodArgumentNotValidException: Validation failed for argument [0] in public com.green.firstproject.common.model.ResultDto<java.util.List<com.green.firstproject.tour.model.TourGetRes>> com.green.firstproject.tour.TourControllerImpl.getTour(com.green.firstproject.tour.model.TourGetReq): [Field error in object 'tourGetReq' on field 'signed_user_id': rejected value [null]; codes [typeMismatch.tourGetReq.signed_user_id,typeMismatch.signed_user_id,typeMismatch.long,typeMismatch]; arguments [org.springframework.context.support.DefaultMessageSourceResolvable: codes [tourGetReq.signed_user_id,signed_user_id]; arguments []; default message [signed_user_id]]; default message [Failed to convert value of type 'null' to required type 'long'; Failed to convert from type [null] to type [long] for value [null]]] ][0;39m 
[2024-06-05 18:10:28 [32mINFO [0;39m SpringApplicationShutdownHook] [com.zaxxer.hikari.HikariDataSource] [36mHikariPool-1 - Shutdown initiated...[0;39m 
[2024-06-05 18:10:28 [32mINFO [0;39m SpringApplicationShutdownHook] [com.zaxxer.hikari.HikariDataSource] [36mHikariPool-1 - Shutdown completed.[0;39m 
