[2024-06-10 15:01:02 [32mINFO [0;39m restartedMain] [com.green.firstproject.FirstProjectApplication] [36mStarting FirstProjectApplication using Java 17.0.11 with PID 9668 (D:\2024-01\backend\demo1\build\classes\java\main started by Administrator in D:\2024-01\backend\demo1)[0;39m 
[2024-06-10 15:01:02 [32mINFO [0;39m restartedMain] [com.green.firstproject.FirstProjectApplication] [36mNo active profile set, falling back to 1 default profile: "default"[0;39m 
[2024-06-10 15:01:02 [32mINFO [0;39m restartedMain] [org.springframework.boot.devtools.env.DevToolsPropertyDefaultsPostProcessor] [36mDevtools property defaults active! Set 'spring.devtools.add-properties' to 'false' to disable[0;39m 
[2024-06-10 15:01:02 [32mINFO [0;39m restartedMain] [org.springframework.boot.devtools.env.DevToolsPropertyDefaultsPostProcessor] [36mFor additional web related logging consider setting the 'logging.level.web' property to 'DEBUG'[0;39m 
[2024-06-10 15:01:02 [33mWARN [0;39m restartedMain] [org.springframework.context.support.PostProcessorRegistrationDelegate$BeanPostProcessorChecker] [36mBean 'org.springframework.ws.config.annotation.DelegatingWsConfiguration' of type [org.springframework.ws.config.annotation.DelegatingWsConfiguration$$SpringCGLIB$$0] is not eligible for getting processed by all BeanPostProcessors (for example: not eligible for auto-proxying). The currently created BeanPostProcessor [annotationActionEndpointMapping] is declared through a non-static factory method on that class; consider declaring it as static instead.[0;39m 
[2024-06-10 15:01:02 [32mINFO [0;39m restartedMain] [org.springframework.ws.soap.addressing.server.AnnotationActionEndpointMapping] [36mSupporting [WS-Addressing August 2004, WS-Addressing 1.0][0;39m 
[2024-06-10 15:01:03 [32mINFO [0;39m restartedMain] [org.springframework.boot.web.embedded.tomcat.TomcatWebServer] [36mTomcat initialized with port 8080 (http)[0;39m 
[2024-06-10 15:01:03 [32mINFO [0;39m restartedMain] [org.apache.coyote.http11.Http11NioProtocol] [36mInitializing ProtocolHandler ["http-nio-8080"][0;39m 
[2024-06-10 15:01:03 [32mINFO [0;39m restartedMain] [org.apache.catalina.core.StandardService] [36mStarting service [Tomcat][0;39m 
[2024-06-10 15:01:03 [32mINFO [0;39m restartedMain] [org.apache.catalina.core.StandardEngine] [36mStarting Servlet engine: [Apache Tomcat/10.1.24][0;39m 
[2024-06-10 15:01:03 [32mINFO [0;39m restartedMain] [org.apache.catalina.core.ContainerBase.[Tomcat].[localhost].[/]] [36mInitializing Spring embedded WebApplicationContext[0;39m 
[2024-06-10 15:01:03 [32mINFO [0;39m restartedMain] [org.springframework.boot.web.servlet.context.ServletWebServerApplicationContext] [36mRoot WebApplicationContext: initialization completed in 1144 ms[0;39m 
[2024-06-10 15:01:03 [32mINFO [0;39m restartedMain] [org.springframework.boot.autoconfigure.web.servlet.WelcomePageHandlerMapping] [36mAdding welcome page: class path resource [static/index.html][0;39m 
[2024-06-10 15:01:03 [32mINFO [0;39m restartedMain] [org.springframework.boot.devtools.autoconfigure.OptionalLiveReloadServer] [36mLiveReload server is running on port 35729[0;39m 
[2024-06-10 15:01:03 [32mINFO [0;39m restartedMain] [org.springframework.boot.actuate.endpoint.web.EndpointLinksResolver] [36mExposing 1 endpoint(s) beneath base path '/actuator'[0;39m 
[2024-06-10 15:01:03 [32mINFO [0;39m restartedMain] [org.apache.coyote.http11.Http11NioProtocol] [36mStarting ProtocolHandler ["http-nio-8080"][0;39m 
[2024-06-10 15:01:03 [32mINFO [0;39m restartedMain] [org.springframework.boot.web.embedded.tomcat.TomcatWebServer] [36mTomcat started on port 8080 (http) with context path ''[0;39m 
[2024-06-10 15:01:03 [32mINFO [0;39m restartedMain] [com.green.firstproject.FirstProjectApplication] [36mStarted FirstProjectApplication in 2.268 seconds (process running for 2.688)[0;39m 
[2024-06-10 15:01:04 [32mINFO [0;39m RMI TCP Connection(3)-192.168.0.53] [org.apache.catalina.core.ContainerBase.[Tomcat].[localhost].[/]] [36mInitializing Spring DispatcherServlet 'dispatcherServlet'[0;39m 
[2024-06-10 15:01:04 [32mINFO [0;39m RMI TCP Connection(3)-192.168.0.53] [org.springframework.web.servlet.DispatcherServlet] [36mInitializing Servlet 'dispatcherServlet'[0;39m 
[2024-06-10 15:01:04 [32mINFO [0;39m RMI TCP Connection(2)-192.168.0.53] [com.zaxxer.hikari.HikariDataSource] [36mHikariPool-1 - Starting...[0;39m 
[2024-06-10 15:01:04 [32mINFO [0;39m RMI TCP Connection(3)-192.168.0.53] [org.springframework.web.servlet.DispatcherServlet] [36mCompleted initialization in 1 ms[0;39m 
[2024-06-10 15:01:04 [32mINFO [0;39m RMI TCP Connection(2)-192.168.0.53] [com.zaxxer.hikari.pool.HikariPool] [36mHikariPool-1 - Added connection net.sf.log4jdbc.sql.jdbcapi.ConnectionSpy@52b559c[0;39m 
[2024-06-10 15:01:04 [32mINFO [0;39m RMI TCP Connection(2)-192.168.0.53] [com.zaxxer.hikari.HikariDataSource] [36mHikariPool-1 - Start completed.[0;39m 
[2024-06-10 15:01:09 [32mINFO [0;39m http-nio-8080-exec-3] [org.springdoc.api.AbstractOpenApiResource] [36mInit duration for springdoc-openapi is: 223 ms[0;39m 
[2024-06-10 15:18:10 [32mINFO [0;39m File Watcher] [org.springframework.boot.devtools.autoconfigure.LocalDevToolsAutoConfiguration$RestartingClassPathChangeChangedEventListener] [36mRestarting due to 26 class path changes (1 addition, 0 deletions, 25 modifications)[0;39m 
[2024-06-10 15:18:10 [32mINFO [0;39m Thread-5] [org.apache.coyote.http11.Http11NioProtocol] [36mStopping ProtocolHandler ["http-nio-8080"][0;39m 
[2024-06-10 15:18:10 [32mINFO [0;39m Thread-5] [com.zaxxer.hikari.HikariDataSource] [36mHikariPool-1 - Shutdown initiated...[0;39m 
[2024-06-10 15:18:10 [32mINFO [0;39m Thread-5] [com.zaxxer.hikari.HikariDataSource] [36mHikariPool-1 - Shutdown completed.[0;39m 
[2024-06-10 15:18:10 [32mINFO [0;39m restartedMain] [com.green.firstproject.FirstProjectApplication] [36mStarting FirstProjectApplication using Java 17.0.11 with PID 9668 (D:\2024-01\backend\demo1\build\classes\java\main started by Administrator in D:\2024-01\backend\demo1)[0;39m 
[2024-06-10 15:18:10 [32mINFO [0;39m restartedMain] [com.green.firstproject.FirstProjectApplication] [36mNo active profile set, falling back to 1 default profile: "default"[0;39m 
[2024-06-10 15:18:10 [33mWARN [0;39m restartedMain] [org.springframework.context.support.PostProcessorRegistrationDelegate$BeanPostProcessorChecker] [36mBean 'org.springframework.ws.config.annotation.DelegatingWsConfiguration' of type [org.springframework.ws.config.annotation.DelegatingWsConfiguration$$SpringCGLIB$$0] is not eligible for getting processed by all BeanPostProcessors (for example: not eligible for auto-proxying). The currently created BeanPostProcessor [annotationActionEndpointMapping] is declared through a non-static factory method on that class; consider declaring it as static instead.[0;39m 
[2024-06-10 15:18:10 [32mINFO [0;39m restartedMain] [org.springframework.ws.soap.addressing.server.AnnotationActionEndpointMapping] [36mSupporting [WS-Addressing August 2004, WS-Addressing 1.0][0;39m 
[2024-06-10 15:18:10 [32mINFO [0;39m restartedMain] [org.springframework.boot.web.embedded.tomcat.TomcatWebServer] [36mTomcat initialized with port 8080 (http)[0;39m 
[2024-06-10 15:18:10 [32mINFO [0;39m restartedMain] [org.apache.coyote.http11.Http11NioProtocol] [36mInitializing ProtocolHandler ["http-nio-8080"][0;39m 
[2024-06-10 15:18:10 [32mINFO [0;39m restartedMain] [org.apache.catalina.core.StandardService] [36mStarting service [Tomcat][0;39m 
[2024-06-10 15:18:10 [32mINFO [0;39m restartedMain] [org.apache.catalina.core.StandardEngine] [36mStarting Servlet engine: [Apache Tomcat/10.1.24][0;39m 
[2024-06-10 15:18:10 [32mINFO [0;39m restartedMain] [org.apache.catalina.core.ContainerBase.[Tomcat].[localhost].[/]] [36mInitializing Spring embedded WebApplicationContext[0;39m 
[2024-06-10 15:18:10 [32mINFO [0;39m restartedMain] [org.springframework.boot.web.servlet.context.ServletWebServerApplicationContext] [36mRoot WebApplicationContext: initialization completed in 292 ms[0;39m 
[2024-06-10 15:18:10 [32mINFO [0;39m restartedMain] [org.springframework.boot.autoconfigure.web.servlet.WelcomePageHandlerMapping] [36mAdding welcome page: class path resource [static/index.html][0;39m 
[2024-06-10 15:18:11 [32mINFO [0;39m restartedMain] [org.springframework.boot.devtools.autoconfigure.OptionalLiveReloadServer] [36mLiveReload server is running on port 35729[0;39m 
[2024-06-10 15:18:11 [32mINFO [0;39m restartedMain] [org.springframework.boot.actuate.endpoint.web.EndpointLinksResolver] [36mExposing 1 endpoint(s) beneath base path '/actuator'[0;39m 
[2024-06-10 15:18:11 [32mINFO [0;39m restartedMain] [org.apache.coyote.http11.Http11NioProtocol] [36mStarting ProtocolHandler ["http-nio-8080"][0;39m 
[2024-06-10 15:18:11 [32mINFO [0;39m restartedMain] [org.springframework.boot.web.embedded.tomcat.TomcatWebServer] [36mTomcat started on port 8080 (http) with context path ''[0;39m 
[2024-06-10 15:18:11 [32mINFO [0;39m restartedMain] [com.green.firstproject.FirstProjectApplication] [36mStarted FirstProjectApplication in 0.556 seconds (process running for 1029.814)[0;39m 
[2024-06-10 15:18:11 [32mINFO [0;39m restartedMain] [org.springframework.boot.devtools.autoconfigure.ConditionEvaluationDeltaLoggingListener] [36mCondition evaluation unchanged[0;39m 
[2024-06-10 15:20:46 [32mINFO [0;39m restartedMain] [com.green.firstproject.FirstProjectApplication] [36mStarting FirstProjectApplication using Java 17.0.11 with PID 6392 (D:\2024-01\backend\demo1\build\classes\java\main started by Administrator in D:\2024-01\backend\demo1)[0;39m 
[2024-06-10 15:20:46 [32mINFO [0;39m restartedMain] [com.green.firstproject.FirstProjectApplication] [36mNo active profile set, falling back to 1 default profile: "default"[0;39m 
[2024-06-10 15:20:46 [32mINFO [0;39m restartedMain] [org.springframework.boot.devtools.env.DevToolsPropertyDefaultsPostProcessor] [36mDevtools property defaults active! Set 'spring.devtools.add-properties' to 'false' to disable[0;39m 
[2024-06-10 15:20:46 [32mINFO [0;39m restartedMain] [org.springframework.boot.devtools.env.DevToolsPropertyDefaultsPostProcessor] [36mFor additional web related logging consider setting the 'logging.level.web' property to 'DEBUG'[0;39m 
[2024-06-10 15:20:47 [33mWARN [0;39m restartedMain] [org.springframework.context.support.PostProcessorRegistrationDelegate$BeanPostProcessorChecker] [36mBean 'org.springframework.ws.config.annotation.DelegatingWsConfiguration' of type [org.springframework.ws.config.annotation.DelegatingWsConfiguration$$SpringCGLIB$$0] is not eligible for getting processed by all BeanPostProcessors (for example: not eligible for auto-proxying). The currently created BeanPostProcessor [annotationActionEndpointMapping] is declared through a non-static factory method on that class; consider declaring it as static instead.[0;39m 
[2024-06-10 15:20:47 [32mINFO [0;39m restartedMain] [org.springframework.ws.soap.addressing.server.AnnotationActionEndpointMapping] [36mSupporting [WS-Addressing August 2004, WS-Addressing 1.0][0;39m 
[2024-06-10 15:20:47 [32mINFO [0;39m restartedMain] [org.springframework.boot.web.embedded.tomcat.TomcatWebServer] [36mTomcat initialized with port 8080 (http)[0;39m 
[2024-06-10 15:20:47 [32mINFO [0;39m restartedMain] [org.apache.coyote.http11.Http11NioProtocol] [36mInitializing ProtocolHandler ["http-nio-8080"][0;39m 
[2024-06-10 15:20:47 [32mINFO [0;39m restartedMain] [org.apache.catalina.core.StandardService] [36mStarting service [Tomcat][0;39m 
[2024-06-10 15:20:47 [32mINFO [0;39m restartedMain] [org.apache.catalina.core.StandardEngine] [36mStarting Servlet engine: [Apache Tomcat/10.1.24][0;39m 
[2024-06-10 15:20:47 [32mINFO [0;39m restartedMain] [org.apache.catalina.core.ContainerBase.[Tomcat].[localhost].[/]] [36mInitializing Spring embedded WebApplicationContext[0;39m 
[2024-06-10 15:20:47 [32mINFO [0;39m restartedMain] [org.springframework.boot.web.servlet.context.ServletWebServerApplicationContext] [36mRoot WebApplicationContext: initialization completed in 981 ms[0;39m 
[2024-06-10 15:20:47 [32mINFO [0;39m restartedMain] [org.springframework.boot.autoconfigure.web.servlet.WelcomePageHandlerMapping] [36mAdding welcome page: class path resource [static/index.html][0;39m 
[2024-06-10 15:20:48 [32mINFO [0;39m restartedMain] [org.springframework.boot.devtools.autoconfigure.OptionalLiveReloadServer] [36mLiveReload server is running on port 35729[0;39m 
[2024-06-10 15:20:48 [32mINFO [0;39m restartedMain] [org.springframework.boot.actuate.endpoint.web.EndpointLinksResolver] [36mExposing 1 endpoint(s) beneath base path '/actuator'[0;39m 
[2024-06-10 15:20:48 [32mINFO [0;39m restartedMain] [org.apache.coyote.http11.Http11NioProtocol] [36mStarting ProtocolHandler ["http-nio-8080"][0;39m 
[2024-06-10 15:20:48 [32mINFO [0;39m restartedMain] [org.springframework.boot.web.embedded.tomcat.TomcatWebServer] [36mTomcat started on port 8080 (http) with context path ''[0;39m 
[2024-06-10 15:20:48 [32mINFO [0;39m restartedMain] [com.green.firstproject.FirstProjectApplication] [36mStarted FirstProjectApplication in 2.058 seconds (process running for 2.424)[0;39m 
[2024-06-10 15:20:48 [32mINFO [0;39m RMI TCP Connection(2)-192.168.0.53] [org.apache.catalina.core.ContainerBase.[Tomcat].[localhost].[/]] [36mInitializing Spring DispatcherServlet 'dispatcherServlet'[0;39m 
[2024-06-10 15:20:48 [32mINFO [0;39m RMI TCP Connection(2)-192.168.0.53] [org.springframework.web.servlet.DispatcherServlet] [36mInitializing Servlet 'dispatcherServlet'[0;39m 
[2024-06-10 15:20:48 [32mINFO [0;39m RMI TCP Connection(3)-192.168.0.53] [com.zaxxer.hikari.HikariDataSource] [36mHikariPool-1 - Starting...[0;39m 
[2024-06-10 15:20:48 [32mINFO [0;39m RMI TCP Connection(2)-192.168.0.53] [org.springframework.web.servlet.DispatcherServlet] [36mCompleted initialization in 1 ms[0;39m 
[2024-06-10 15:20:48 [32mINFO [0;39m RMI TCP Connection(3)-192.168.0.53] [com.zaxxer.hikari.pool.HikariPool] [36mHikariPool-1 - Added connection net.sf.log4jdbc.sql.jdbcapi.ConnectionSpy@35cfd30c[0;39m 
[2024-06-10 15:20:48 [32mINFO [0;39m RMI TCP Connection(3)-192.168.0.53] [com.zaxxer.hikari.HikariDataSource] [36mHikariPool-1 - Start completed.[0;39m 
[2024-06-10 15:20:51 [32mINFO [0;39m http-nio-8080-exec-5] [org.springdoc.api.AbstractOpenApiResource] [36mInit duration for springdoc-openapi is: 264 ms[0;39m 
[2024-06-10 15:21:08 [32mINFO [0;39m SpringApplicationShutdownHook] [com.zaxxer.hikari.HikariDataSource] [36mHikariPool-1 - Shutdown initiated...[0;39m 
[2024-06-10 15:21:08 [32mINFO [0;39m SpringApplicationShutdownHook] [com.zaxxer.hikari.HikariDataSource] [36mHikariPool-1 - Shutdown completed.[0;39m 
[2024-06-10 15:21:10 [32mINFO [0;39m restartedMain] [com.green.firstproject.FirstProjectApplication] [36mStarting FirstProjectApplication using Java 17.0.11 with PID 5896 (D:\2024-01\backend\demo1\build\classes\java\main started by Administrator in D:\2024-01\backend\demo1)[0;39m 
[2024-06-10 15:21:10 [32mINFO [0;39m restartedMain] [com.green.firstproject.FirstProjectApplication] [36mNo active profile set, falling back to 1 default profile: "default"[0;39m 
[2024-06-10 15:21:10 [32mINFO [0;39m restartedMain] [org.springframework.boot.devtools.env.DevToolsPropertyDefaultsPostProcessor] [36mDevtools property defaults active! Set 'spring.devtools.add-properties' to 'false' to disable[0;39m 
[2024-06-10 15:21:10 [32mINFO [0;39m restartedMain] [org.springframework.boot.devtools.env.DevToolsPropertyDefaultsPostProcessor] [36mFor additional web related logging consider setting the 'logging.level.web' property to 'DEBUG'[0;39m 
[2024-06-10 15:21:11 [33mWARN [0;39m restartedMain] [org.springframework.context.support.PostProcessorRegistrationDelegate$BeanPostProcessorChecker] [36mBean 'org.springframework.ws.config.annotation.DelegatingWsConfiguration' of type [org.springframework.ws.config.annotation.DelegatingWsConfiguration$$SpringCGLIB$$0] is not eligible for getting processed by all BeanPostProcessors (for example: not eligible for auto-proxying). The currently created BeanPostProcessor [annotationActionEndpointMapping] is declared through a non-static factory method on that class; consider declaring it as static instead.[0;39m 
[2024-06-10 15:21:11 [32mINFO [0;39m restartedMain] [org.springframework.ws.soap.addressing.server.AnnotationActionEndpointMapping] [36mSupporting [WS-Addressing August 2004, WS-Addressing 1.0][0;39m 
[2024-06-10 15:21:11 [32mINFO [0;39m restartedMain] [org.springframework.boot.web.embedded.tomcat.TomcatWebServer] [36mTomcat initialized with port 8080 (http)[0;39m 
[2024-06-10 15:21:11 [32mINFO [0;39m restartedMain] [org.apache.coyote.http11.Http11NioProtocol] [36mInitializing ProtocolHandler ["http-nio-8080"][0;39m 
[2024-06-10 15:21:11 [32mINFO [0;39m restartedMain] [org.apache.catalina.core.StandardService] [36mStarting service [Tomcat][0;39m 
[2024-06-10 15:21:11 [32mINFO [0;39m restartedMain] [org.apache.catalina.core.StandardEngine] [36mStarting Servlet engine: [Apache Tomcat/10.1.24][0;39m 
[2024-06-10 15:21:11 [32mINFO [0;39m restartedMain] [org.apache.catalina.core.ContainerBase.[Tomcat].[localhost].[/]] [36mInitializing Spring embedded WebApplicationContext[0;39m 
[2024-06-10 15:21:11 [32mINFO [0;39m restartedMain] [org.springframework.boot.web.servlet.context.ServletWebServerApplicationContext] [36mRoot WebApplicationContext: initialization completed in 1004 ms[0;39m 
[2024-06-10 15:21:11 [32mINFO [0;39m restartedMain] [org.springframework.boot.autoconfigure.web.servlet.WelcomePageHandlerMapping] [36mAdding welcome page: class path resource [static/index.html][0;39m 
[2024-06-10 15:21:11 [32mINFO [0;39m restartedMain] [org.springframework.boot.devtools.autoconfigure.OptionalLiveReloadServer] [36mLiveReload server is running on port 35729[0;39m 
[2024-06-10 15:21:11 [32mINFO [0;39m restartedMain] [org.springframework.boot.actuate.endpoint.web.EndpointLinksResolver] [36mExposing 1 endpoint(s) beneath base path '/actuator'[0;39m 
[2024-06-10 15:21:11 [32mINFO [0;39m restartedMain] [org.apache.coyote.http11.Http11NioProtocol] [36mStarting ProtocolHandler ["http-nio-8080"][0;39m 
[2024-06-10 15:21:11 [32mINFO [0;39m restartedMain] [org.springframework.boot.web.embedded.tomcat.TomcatWebServer] [36mTomcat started on port 8080 (http) with context path ''[0;39m 
[2024-06-10 15:21:11 [32mINFO [0;39m restartedMain] [com.green.firstproject.FirstProjectApplication] [36mStarted FirstProjectApplication in 2.076 seconds (process running for 2.44)[0;39m 
[2024-06-10 15:21:12 [32mINFO [0;39m http-nio-8080-exec-1] [org.apache.catalina.core.ContainerBase.[Tomcat].[localhost].[/]] [36mInitializing Spring DispatcherServlet 'dispatcherServlet'[0;39m 
[2024-06-10 15:21:12 [32mINFO [0;39m http-nio-8080-exec-1] [org.springframework.web.servlet.DispatcherServlet] [36mInitializing Servlet 'dispatcherServlet'[0;39m 
[2024-06-10 15:21:12 [32mINFO [0;39m http-nio-8080-exec-1] [org.springframework.web.servlet.DispatcherServlet] [36mCompleted initialization in 1 ms[0;39m 
[2024-06-10 15:21:12 [32mINFO [0;39m RMI TCP Connection(2)-192.168.0.53] [com.zaxxer.hikari.HikariDataSource] [36mHikariPool-1 - Starting...[0;39m 
[2024-06-10 15:21:12 [32mINFO [0;39m RMI TCP Connection(2)-192.168.0.53] [com.zaxxer.hikari.pool.HikariPool] [36mHikariPool-1 - Added connection net.sf.log4jdbc.sql.jdbcapi.ConnectionSpy@411b695e[0;39m 
[2024-06-10 15:21:12 [32mINFO [0;39m RMI TCP Connection(2)-192.168.0.53] [com.zaxxer.hikari.HikariDataSource] [36mHikariPool-1 - Start completed.[0;39m 
[2024-06-10 15:21:12 [32mINFO [0;39m http-nio-8080-exec-5] [org.springdoc.api.AbstractOpenApiResource] [36mInit duration for springdoc-openapi is: 273 ms[0;39m 
[2024-06-10 15:21:41 [32mINFO [0;39m SpringApplicationShutdownHook] [com.zaxxer.hikari.HikariDataSource] [36mHikariPool-1 - Shutdown initiated...[0;39m 
[2024-06-10 15:21:41 [32mINFO [0;39m SpringApplicationShutdownHook] [com.zaxxer.hikari.HikariDataSource] [36mHikariPool-1 - Shutdown completed.[0;39m 
[2024-06-10 15:21:43 [32mINFO [0;39m restartedMain] [com.green.firstproject.FirstProjectApplication] [36mStarting FirstProjectApplication using Java 17.0.11 with PID 4824 (D:\2024-01\backend\demo1\build\classes\java\main started by Administrator in D:\2024-01\backend\demo1)[0;39m 
[2024-06-10 15:21:43 [32mINFO [0;39m restartedMain] [com.green.firstproject.FirstProjectApplication] [36mNo active profile set, falling back to 1 default profile: "default"[0;39m 
[2024-06-10 15:21:43 [32mINFO [0;39m restartedMain] [org.springframework.boot.devtools.env.DevToolsPropertyDefaultsPostProcessor] [36mDevtools property defaults active! Set 'spring.devtools.add-properties' to 'false' to disable[0;39m 
[2024-06-10 15:21:43 [32mINFO [0;39m restartedMain] [org.springframework.boot.devtools.env.DevToolsPropertyDefaultsPostProcessor] [36mFor additional web related logging consider setting the 'logging.level.web' property to 'DEBUG'[0;39m 
[2024-06-10 15:21:44 [33mWARN [0;39m restartedMain] [org.springframework.context.support.PostProcessorRegistrationDelegate$BeanPostProcessorChecker] [36mBean 'org.springframework.ws.config.annotation.DelegatingWsConfiguration' of type [org.springframework.ws.config.annotation.DelegatingWsConfiguration$$SpringCGLIB$$0] is not eligible for getting processed by all BeanPostProcessors (for example: not eligible for auto-proxying). The currently created BeanPostProcessor [annotationActionEndpointMapping] is declared through a non-static factory method on that class; consider declaring it as static instead.[0;39m 
[2024-06-10 15:21:44 [32mINFO [0;39m restartedMain] [org.springframework.ws.soap.addressing.server.AnnotationActionEndpointMapping] [36mSupporting [WS-Addressing August 2004, WS-Addressing 1.0][0;39m 
[2024-06-10 15:21:44 [32mINFO [0;39m restartedMain] [org.springframework.boot.web.embedded.tomcat.TomcatWebServer] [36mTomcat initialized with port 8080 (http)[0;39m 
[2024-06-10 15:21:44 [32mINFO [0;39m restartedMain] [org.apache.coyote.http11.Http11NioProtocol] [36mInitializing ProtocolHandler ["http-nio-8080"][0;39m 
[2024-06-10 15:21:44 [32mINFO [0;39m restartedMain] [org.apache.catalina.core.StandardService] [36mStarting service [Tomcat][0;39m 
[2024-06-10 15:21:44 [32mINFO [0;39m restartedMain] [org.apache.catalina.core.StandardEngine] [36mStarting Servlet engine: [Apache Tomcat/10.1.24][0;39m 
[2024-06-10 15:21:44 [32mINFO [0;39m restartedMain] [org.apache.catalina.core.ContainerBase.[Tomcat].[localhost].[/]] [36mInitializing Spring embedded WebApplicationContext[0;39m 
[2024-06-10 15:21:44 [32mINFO [0;39m restartedMain] [org.springframework.boot.web.servlet.context.ServletWebServerApplicationContext] [36mRoot WebApplicationContext: initialization completed in 998 ms[0;39m 
[2024-06-10 15:21:44 [32mINFO [0;39m restartedMain] [org.springframework.boot.autoconfigure.web.servlet.WelcomePageHandlerMapping] [36mAdding welcome page: class path resource [static/index.html][0;39m 
[2024-06-10 15:21:45 [32mINFO [0;39m restartedMain] [org.springframework.boot.devtools.autoconfigure.OptionalLiveReloadServer] [36mLiveReload server is running on port 35729[0;39m 
[2024-06-10 15:21:45 [32mINFO [0;39m restartedMain] [org.springframework.boot.actuate.endpoint.web.EndpointLinksResolver] [36mExposing 1 endpoint(s) beneath base path '/actuator'[0;39m 
[2024-06-10 15:21:45 [32mINFO [0;39m restartedMain] [org.apache.coyote.http11.Http11NioProtocol] [36mStarting ProtocolHandler ["http-nio-8080"][0;39m 
[2024-06-10 15:21:45 [32mINFO [0;39m restartedMain] [org.springframework.boot.web.embedded.tomcat.TomcatWebServer] [36mTomcat started on port 8080 (http) with context path ''[0;39m 
[2024-06-10 15:21:45 [32mINFO [0;39m restartedMain] [com.green.firstproject.FirstProjectApplication] [36mStarted FirstProjectApplication in 2.15 seconds (process running for 2.502)[0;39m 
[2024-06-10 15:21:45 [32mINFO [0;39m RMI TCP Connection(3)-192.168.0.53] [org.apache.catalina.core.ContainerBase.[Tomcat].[localhost].[/]] [36mInitializing Spring DispatcherServlet 'dispatcherServlet'[0;39m 
[2024-06-10 15:21:45 [32mINFO [0;39m RMI TCP Connection(3)-192.168.0.53] [org.springframework.web.servlet.DispatcherServlet] [36mInitializing Servlet 'dispatcherServlet'[0;39m 
[2024-06-10 15:21:45 [32mINFO [0;39m RMI TCP Connection(3)-192.168.0.53] [org.springframework.web.servlet.DispatcherServlet] [36mCompleted initialization in 2 ms[0;39m 
[2024-06-10 15:21:45 [32mINFO [0;39m RMI TCP Connection(2)-192.168.0.53] [com.zaxxer.hikari.HikariDataSource] [36mHikariPool-1 - Starting...[0;39m 
[2024-06-10 15:21:45 [32mINFO [0;39m RMI TCP Connection(2)-192.168.0.53] [com.zaxxer.hikari.pool.HikariPool] [36mHikariPool-1 - Added connection net.sf.log4jdbc.sql.jdbcapi.ConnectionSpy@e4964d6[0;39m 
[2024-06-10 15:21:45 [32mINFO [0;39m RMI TCP Connection(2)-192.168.0.53] [com.zaxxer.hikari.HikariDataSource] [36mHikariPool-1 - Start completed.[0;39m 
[2024-06-10 15:21:46 [32mINFO [0;39m http-nio-8080-exec-7] [org.springdoc.api.AbstractOpenApiResource] [36mInit duration for springdoc-openapi is: 273 ms[0;39m 
[2024-06-10 15:21:56 [32mINFO [0;39m SpringApplicationShutdownHook] [com.zaxxer.hikari.HikariDataSource] [36mHikariPool-1 - Shutdown initiated...[0;39m 
[2024-06-10 15:21:56 [32mINFO [0;39m SpringApplicationShutdownHook] [com.zaxxer.hikari.HikariDataSource] [36mHikariPool-1 - Shutdown completed.[0;39m 
[2024-06-10 15:24:52 [32mINFO [0;39m restartedMain] [com.green.firstproject.FirstProjectApplication] [36mStarting FirstProjectApplication using Java 17.0.11 with PID 4016 (D:\2024-01\backend\demo1\build\classes\java\main started by Administrator in D:\2024-01\backend\demo1)[0;39m 
[2024-06-10 15:24:52 [32mINFO [0;39m restartedMain] [com.green.firstproject.FirstProjectApplication] [36mNo active profile set, falling back to 1 default profile: "default"[0;39m 
[2024-06-10 15:24:52 [32mINFO [0;39m restartedMain] [org.springframework.boot.devtools.env.DevToolsPropertyDefaultsPostProcessor] [36mDevtools property defaults active! Set 'spring.devtools.add-properties' to 'false' to disable[0;39m 
[2024-06-10 15:24:52 [32mINFO [0;39m restartedMain] [org.springframework.boot.devtools.env.DevToolsPropertyDefaultsPostProcessor] [36mFor additional web related logging consider setting the 'logging.level.web' property to 'DEBUG'[0;39m 
[2024-06-10 15:24:53 [33mWARN [0;39m restartedMain] [org.springframework.context.support.PostProcessorRegistrationDelegate$BeanPostProcessorChecker] [36mBean 'org.springframework.ws.config.annotation.DelegatingWsConfiguration' of type [org.springframework.ws.config.annotation.DelegatingWsConfiguration$$SpringCGLIB$$0] is not eligible for getting processed by all BeanPostProcessors (for example: not eligible for auto-proxying). The currently created BeanPostProcessor [annotationActionEndpointMapping] is declared through a non-static factory method on that class; consider declaring it as static instead.[0;39m 
[2024-06-10 15:24:53 [32mINFO [0;39m restartedMain] [org.springframework.ws.soap.addressing.server.AnnotationActionEndpointMapping] [36mSupporting [WS-Addressing August 2004, WS-Addressing 1.0][0;39m 
[2024-06-10 15:24:53 [32mINFO [0;39m restartedMain] [org.springframework.boot.web.embedded.tomcat.TomcatWebServer] [36mTomcat initialized with port 8080 (http)[0;39m 
[2024-06-10 15:24:53 [32mINFO [0;39m restartedMain] [org.apache.coyote.http11.Http11NioProtocol] [36mInitializing ProtocolHandler ["http-nio-8080"][0;39m 
[2024-06-10 15:24:53 [32mINFO [0;39m restartedMain] [org.apache.catalina.core.StandardService] [36mStarting service [Tomcat][0;39m 
[2024-06-10 15:24:53 [32mINFO [0;39m restartedMain] [org.apache.catalina.core.StandardEngine] [36mStarting Servlet engine: [Apache Tomcat/10.1.24][0;39m 
[2024-06-10 15:24:53 [32mINFO [0;39m restartedMain] [org.apache.catalina.core.ContainerBase.[Tomcat].[localhost].[/]] [36mInitializing Spring embedded WebApplicationContext[0;39m 
[2024-06-10 15:24:53 [32mINFO [0;39m restartedMain] [org.springframework.boot.web.servlet.context.ServletWebServerApplicationContext] [36mRoot WebApplicationContext: initialization completed in 1001 ms[0;39m 
[2024-06-10 15:24:53 [32mINFO [0;39m restartedMain] [org.springframework.boot.autoconfigure.web.servlet.WelcomePageHandlerMapping] [36mAdding welcome page: class path resource [static/index.html][0;39m 
[2024-06-10 15:24:54 [32mINFO [0;39m restartedMain] [org.springframework.boot.devtools.autoconfigure.OptionalLiveReloadServer] [36mLiveReload server is running on port 35729[0;39m 
[2024-06-10 15:24:54 [32mINFO [0;39m restartedMain] [org.springframework.boot.actuate.endpoint.web.EndpointLinksResolver] [36mExposing 1 endpoint(s) beneath base path '/actuator'[0;39m 
[2024-06-10 15:24:54 [32mINFO [0;39m restartedMain] [org.apache.coyote.http11.Http11NioProtocol] [36mStarting ProtocolHandler ["http-nio-8080"][0;39m 
[2024-06-10 15:24:54 [32mINFO [0;39m restartedMain] [org.springframework.boot.web.embedded.tomcat.TomcatWebServer] [36mTomcat started on port 8080 (http) with context path ''[0;39m 
[2024-06-10 15:24:54 [32mINFO [0;39m restartedMain] [com.green.firstproject.FirstProjectApplication] [36mStarted FirstProjectApplication in 2.071 seconds (process running for 2.428)[0;39m 
[2024-06-10 15:24:54 [32mINFO [0;39m RMI TCP Connection(2)-192.168.0.53] [org.apache.catalina.core.ContainerBase.[Tomcat].[localhost].[/]] [36mInitializing Spring DispatcherServlet 'dispatcherServlet'[0;39m 
[2024-06-10 15:24:54 [32mINFO [0;39m RMI TCP Connection(2)-192.168.0.53] [org.springframework.web.servlet.DispatcherServlet] [36mInitializing Servlet 'dispatcherServlet'[0;39m 
[2024-06-10 15:24:54 [32mINFO [0;39m RMI TCP Connection(2)-192.168.0.53] [org.springframework.web.servlet.DispatcherServlet] [36mCompleted initialization in 0 ms[0;39m 
[2024-06-10 15:24:54 [32mINFO [0;39m RMI TCP Connection(1)-192.168.0.53] [com.zaxxer.hikari.HikariDataSource] [36mHikariPool-1 - Starting...[0;39m 
[2024-06-10 15:24:54 [32mINFO [0;39m RMI TCP Connection(1)-192.168.0.53] [com.zaxxer.hikari.pool.HikariPool] [36mHikariPool-1 - Added connection net.sf.log4jdbc.sql.jdbcapi.ConnectionSpy@7c0109dc[0;39m 
[2024-06-10 15:24:54 [32mINFO [0;39m RMI TCP Connection(1)-192.168.0.53] [com.zaxxer.hikari.HikariDataSource] [36mHikariPool-1 - Start completed.[0;39m 
[2024-06-10 15:27:15 [32mINFO [0;39m SpringApplicationShutdownHook] [com.zaxxer.hikari.HikariDataSource] [36mHikariPool-1 - Shutdown initiated...[0;39m 
[2024-06-10 15:27:15 [32mINFO [0;39m SpringApplicationShutdownHook] [com.zaxxer.hikari.HikariDataSource] [36mHikariPool-1 - Shutdown completed.[0;39m 
[2024-06-10 16:16:47 [32mINFO [0;39m restartedMain] [com.green.firstproject.FirstProjectApplication] [36mStarting FirstProjectApplication using Java 17.0.11 with PID 10488 (D:\2024_BACK_JI\FirstProject\build\classes\java\main started by Administrator in D:\2024_BACK_JI\FirstProject)[0;39m 
[2024-06-10 16:16:47 [32mINFO [0;39m restartedMain] [com.green.firstproject.FirstProjectApplication] [36mNo active profile set, falling back to 1 default profile: "default"[0;39m 
[2024-06-10 16:16:47 [32mINFO [0;39m restartedMain] [org.springframework.boot.devtools.env.DevToolsPropertyDefaultsPostProcessor] [36mDevtools property defaults active! Set 'spring.devtools.add-properties' to 'false' to disable[0;39m 
[2024-06-10 16:16:47 [32mINFO [0;39m restartedMain] [org.springframework.boot.devtools.env.DevToolsPropertyDefaultsPostProcessor] [36mFor additional web related logging consider setting the 'logging.level.web' property to 'DEBUG'[0;39m 
[2024-06-10 16:16:48 [33mWARN [0;39m restartedMain] [org.springframework.context.support.PostProcessorRegistrationDelegate$BeanPostProcessorChecker] [36mBean 'org.springframework.ws.config.annotation.DelegatingWsConfiguration' of type [org.springframework.ws.config.annotation.DelegatingWsConfiguration$$SpringCGLIB$$0] is not eligible for getting processed by all BeanPostProcessors (for example: not eligible for auto-proxying). The currently created BeanPostProcessor [annotationActionEndpointMapping] is declared through a non-static factory method on that class; consider declaring it as static instead.[0;39m 
[2024-06-10 16:16:48 [32mINFO [0;39m restartedMain] [org.springframework.ws.soap.addressing.server.AnnotationActionEndpointMapping] [36mSupporting [WS-Addressing August 2004, WS-Addressing 1.0][0;39m 
[2024-06-10 16:16:48 [32mINFO [0;39m restartedMain] [org.springframework.boot.web.embedded.tomcat.TomcatWebServer] [36mTomcat initialized with port 8080 (http)[0;39m 
[2024-06-10 16:16:48 [32mINFO [0;39m restartedMain] [org.apache.coyote.http11.Http11NioProtocol] [36mInitializing ProtocolHandler ["http-nio-8080"][0;39m 
[2024-06-10 16:16:48 [32mINFO [0;39m restartedMain] [org.apache.catalina.core.StandardService] [36mStarting service [Tomcat][0;39m 
[2024-06-10 16:16:48 [32mINFO [0;39m restartedMain] [org.apache.catalina.core.StandardEngine] [36mStarting Servlet engine: [Apache Tomcat/10.1.24][0;39m 
[2024-06-10 16:16:48 [32mINFO [0;39m restartedMain] [org.apache.catalina.core.ContainerBase.[Tomcat].[localhost].[/]] [36mInitializing Spring embedded WebApplicationContext[0;39m 
[2024-06-10 16:16:48 [32mINFO [0;39m restartedMain] [org.springframework.boot.web.servlet.context.ServletWebServerApplicationContext] [36mRoot WebApplicationContext: initialization completed in 1017 ms[0;39m 
[2024-06-10 16:16:49 [32mINFO [0;39m restartedMain] [org.springframework.boot.autoconfigure.web.servlet.WelcomePageHandlerMapping] [36mAdding welcome page: class path resource [static/index.html][0;39m 
[2024-06-10 16:16:49 [32mINFO [0;39m restartedMain] [org.springframework.boot.devtools.autoconfigure.OptionalLiveReloadServer] [36mLiveReload server is running on port 35729[0;39m 
[2024-06-10 16:16:49 [32mINFO [0;39m restartedMain] [org.springframework.boot.actuate.endpoint.web.EndpointLinksResolver] [36mExposing 1 endpoint(s) beneath base path '/actuator'[0;39m 
[2024-06-10 16:16:49 [32mINFO [0;39m restartedMain] [org.apache.coyote.http11.Http11NioProtocol] [36mStarting ProtocolHandler ["http-nio-8080"][0;39m 
[2024-06-10 16:16:49 [32mINFO [0;39m restartedMain] [org.springframework.boot.web.embedded.tomcat.TomcatWebServer] [36mTomcat started on port 8080 (http) with context path ''[0;39m 
[2024-06-10 16:16:49 [32mINFO [0;39m restartedMain] [com.green.firstproject.FirstProjectApplication] [36mStarted FirstProjectApplication in 2.185 seconds (process running for 2.638)[0;39m 
[2024-06-10 16:16:49 [32mINFO [0;39m RMI TCP Connection(3)-192.168.0.183] [org.apache.catalina.core.ContainerBase.[Tomcat].[localhost].[/]] [36mInitializing Spring DispatcherServlet 'dispatcherServlet'[0;39m 
[2024-06-10 16:16:49 [32mINFO [0;39m RMI TCP Connection(3)-192.168.0.183] [org.springframework.web.servlet.DispatcherServlet] [36mInitializing Servlet 'dispatcherServlet'[0;39m 
[2024-06-10 16:16:49 [32mINFO [0;39m RMI TCP Connection(3)-192.168.0.183] [org.springframework.web.servlet.DispatcherServlet] [36mCompleted initialization in 1 ms[0;39m 
[2024-06-10 16:16:49 [32mINFO [0;39m RMI TCP Connection(2)-192.168.0.183] [com.zaxxer.hikari.HikariDataSource] [36mHikariPool-1 - Starting...[0;39m 
[2024-06-10 16:16:49 [32mINFO [0;39m RMI TCP Connection(2)-192.168.0.183] [com.zaxxer.hikari.pool.HikariPool] [36mHikariPool-1 - Added connection net.sf.log4jdbc.sql.jdbcapi.ConnectionSpy@7a6dfc7b[0;39m 
[2024-06-10 16:16:49 [32mINFO [0;39m RMI TCP Connection(2)-192.168.0.183] [com.zaxxer.hikari.HikariDataSource] [36mHikariPool-1 - Start completed.[0;39m 
[2024-06-10 16:16:54 [32mINFO [0;39m http-nio-8080-exec-8] [org.springdoc.api.AbstractOpenApiResource] [36mInit duration for springdoc-openapi is: 261 ms[0;39m 
[2024-06-10 16:23:41 [32mINFO [0;39m File Watcher] [org.springframework.boot.devtools.autoconfigure.LocalDevToolsAutoConfiguration$RestartingClassPathChangeChangedEventListener] [36mRestarting due to 4 class path changes (0 additions, 0 deletions, 4 modifications)[0;39m 
[2024-06-10 16:23:41 [32mINFO [0;39m Thread-5] [org.apache.coyote.http11.Http11NioProtocol] [36mStopping ProtocolHandler ["http-nio-8080"][0;39m 
[2024-06-10 16:23:41 [32mINFO [0;39m Thread-5] [com.zaxxer.hikari.HikariDataSource] [36mHikariPool-1 - Shutdown initiated...[0;39m 
[2024-06-10 16:23:41 [32mINFO [0;39m Thread-5] [com.zaxxer.hikari.HikariDataSource] [36mHikariPool-1 - Shutdown completed.[0;39m 
[2024-06-10 16:23:41 [32mINFO [0;39m restartedMain] [com.green.firstproject.FirstProjectApplication] [36mStarting FirstProjectApplication using Java 17.0.11 with PID 10488 (D:\2024_BACK_JI\FirstProject\build\classes\java\main started by Administrator in D:\2024_BACK_JI\FirstProject)[0;39m 
[2024-06-10 16:23:41 [32mINFO [0;39m restartedMain] [com.green.firstproject.FirstProjectApplication] [36mNo active profile set, falling back to 1 default profile: "default"[0;39m 
[2024-06-10 16:23:41 [33mWARN [0;39m restartedMain] [org.springframework.context.support.PostProcessorRegistrationDelegate$BeanPostProcessorChecker] [36mBean 'org.springframework.ws.config.annotation.DelegatingWsConfiguration' of type [org.springframework.ws.config.annotation.DelegatingWsConfiguration$$SpringCGLIB$$0] is not eligible for getting processed by all BeanPostProcessors (for example: not eligible for auto-proxying). The currently created BeanPostProcessor [annotationActionEndpointMapping] is declared through a non-static factory method on that class; consider declaring it as static instead.[0;39m 
[2024-06-10 16:23:41 [32mINFO [0;39m restartedMain] [org.springframework.ws.soap.addressing.server.AnnotationActionEndpointMapping] [36mSupporting [WS-Addressing August 2004, WS-Addressing 1.0][0;39m 
[2024-06-10 16:23:41 [32mINFO [0;39m restartedMain] [org.springframework.boot.web.embedded.tomcat.TomcatWebServer] [36mTomcat initialized with port 8080 (http)[0;39m 
[2024-06-10 16:23:41 [32mINFO [0;39m restartedMain] [org.apache.coyote.http11.Http11NioProtocol] [36mInitializing ProtocolHandler ["http-nio-8080"][0;39m 
[2024-06-10 16:23:41 [32mINFO [0;39m restartedMain] [org.apache.catalina.core.StandardService] [36mStarting service [Tomcat][0;39m 
[2024-06-10 16:23:41 [32mINFO [0;39m restartedMain] [org.apache.catalina.core.StandardEngine] [36mStarting Servlet engine: [Apache Tomcat/10.1.24][0;39m 
[2024-06-10 16:23:41 [32mINFO [0;39m restartedMain] [org.apache.catalina.core.ContainerBase.[Tomcat].[localhost].[/]] [36mInitializing Spring embedded WebApplicationContext[0;39m 
[2024-06-10 16:23:41 [32mINFO [0;39m restartedMain] [org.springframework.boot.web.servlet.context.ServletWebServerApplicationContext] [36mRoot WebApplicationContext: initialization completed in 288 ms[0;39m 
[2024-06-10 16:23:41 [32mINFO [0;39m restartedMain] [org.springframework.boot.autoconfigure.web.servlet.WelcomePageHandlerMapping] [36mAdding welcome page: class path resource [static/index.html][0;39m 
[2024-06-10 16:23:41 [32mINFO [0;39m restartedMain] [org.springframework.boot.devtools.autoconfigure.OptionalLiveReloadServer] [36mLiveReload server is running on port 35729[0;39m 
[2024-06-10 16:23:41 [32mINFO [0;39m restartedMain] [org.springframework.boot.actuate.endpoint.web.EndpointLinksResolver] [36mExposing 1 endpoint(s) beneath base path '/actuator'[0;39m 
[2024-06-10 16:23:41 [32mINFO [0;39m restartedMain] [org.apache.coyote.http11.Http11NioProtocol] [36mStarting ProtocolHandler ["http-nio-8080"][0;39m 
[2024-06-10 16:23:41 [32mINFO [0;39m restartedMain] [org.springframework.boot.web.embedded.tomcat.TomcatWebServer] [36mTomcat started on port 8080 (http) with context path ''[0;39m 
[2024-06-10 16:23:41 [32mINFO [0;39m restartedMain] [com.green.firstproject.FirstProjectApplication] [36mStarted FirstProjectApplication in 0.543 seconds (process running for 414.829)[0;39m 
[2024-06-10 16:23:41 [32mINFO [0;39m restartedMain] [org.springframework.boot.devtools.autoconfigure.ConditionEvaluationDeltaLoggingListener] [36mCondition evaluation unchanged[0;39m 
