[2024-06-12 16:11:55 INFO  main] [com.green.firstproject.FirstProjectApplication] Starting FirstProjectApplication v0.0.1-SNAPSHOT using Java 17.0.11 with PID 10860 (D:\2024-01\backend\FirstProject\build\libs\FirstProject-0.0.1-SNAPSHOT.jar started by Administrator in D:\2024-01\backend\FirstProject\build\libs) 
[2024-06-12 16:11:55 INFO  main] [com.green.firstproject.FirstProjectApplication] No active profile set, falling back to 1 default profile: "default" 
[2024-06-12 16:11:56 WARN  main] [org.springframework.context.support.PostProcessorRegistrationDelegate$BeanPostProcessorChecker] Bean 'org.springframework.ws.config.annotation.DelegatingWsConfiguration' of type [org.springframework.ws.config.annotation.DelegatingWsConfiguration$$SpringCGLIB$$0] is not eligible for getting processed by all BeanPostProcessors (for example: not eligible for auto-proxying). The currently created BeanPostProcessor [annotationActionEndpointMapping] is declared through a non-static factory method on that class; consider declaring it as static instead. 
[2024-06-12 16:11:56 INFO  main] [org.springframework.ws.soap.addressing.server.AnnotationActionEndpointMapping] Supporting [WS-Addressing August 2004, WS-Addressing 1.0] 
[2024-06-12 16:11:56 INFO  main] [org.springframework.boot.web.embedded.tomcat.TomcatWebServer] Tomcat initialized with port 8080 (http) 
[2024-06-12 16:11:56 INFO  main] [org.apache.coyote.http11.Http11NioProtocol] Initializing ProtocolHandler ["http-nio-8080"] 
[2024-06-12 16:11:56 INFO  main] [org.apache.catalina.core.StandardService] Starting service [Tomcat] 
[2024-06-12 16:11:56 INFO  main] [org.apache.catalina.core.StandardEngine] Starting Servlet engine: [Apache Tomcat/10.1.24] 
[2024-06-12 16:11:57 INFO  main] [org.apache.catalina.core.ContainerBase.[Tomcat].[localhost].[/]] Initializing Spring embedded WebApplicationContext 
[2024-06-12 16:11:57 INFO  main] [org.springframework.boot.web.servlet.context.ServletWebServerApplicationContext] Root WebApplicationContext: initialization completed in 1196 ms 
[2024-06-12 16:11:57 INFO  main] [org.springframework.boot.autoconfigure.web.servlet.WelcomePageHandlerMapping] Adding welcome page: class path resource [static/index.html] 
[2024-06-12 16:11:57 INFO  main] [org.springframework.boot.actuate.endpoint.web.EndpointLinksResolver] Exposing 1 endpoint(s) beneath base path '/actuator' 
[2024-06-12 16:11:57 INFO  main] [org.apache.coyote.http11.Http11NioProtocol] Starting ProtocolHandler ["http-nio-8080"] 
[2024-06-12 16:11:57 INFO  main] [org.springframework.boot.web.embedded.tomcat.TomcatWebServer] Tomcat started on port 8080 (http) with context path '' 
[2024-06-12 16:11:57 INFO  main] [com.green.firstproject.FirstProjectApplication] Started FirstProjectApplication in 2.637 seconds (process running for 2.999) 
[2024-06-12 16:12:26 INFO  main] [com.green.firstproject.FirstProjectApplication] Starting FirstProjectApplication v0.0.1-SNAPSHOT using Java 17.0.11 with PID 12108 (D:\2024-01\backend\FirstProject\build\libs\FirstProject-0.0.1-SNAPSHOT.jar started by Administrator in D:\2024-01\backend\FirstProject\build\libs) 
[2024-06-12 16:12:26 INFO  main] [com.green.firstproject.FirstProjectApplication] The following 1 profile is active: "prod" 
[2024-06-12 16:12:27 WARN  main] [org.springframework.context.support.PostProcessorRegistrationDelegate$BeanPostProcessorChecker] Bean 'org.springframework.ws.config.annotation.DelegatingWsConfiguration' of type [org.springframework.ws.config.annotation.DelegatingWsConfiguration$$SpringCGLIB$$0] is not eligible for getting processed by all BeanPostProcessors (for example: not eligible for auto-proxying). The currently created BeanPostProcessor [annotationActionEndpointMapping] is declared through a non-static factory method on that class; consider declaring it as static instead. 
[2024-06-12 16:12:27 INFO  main] [org.springframework.ws.soap.addressing.server.AnnotationActionEndpointMapping] Supporting [WS-Addressing August 2004, WS-Addressing 1.0] 
[2024-06-12 16:12:27 INFO  main] [org.springframework.boot.web.embedded.tomcat.TomcatWebServer] Tomcat initialized with port 8080 (http) 
[2024-06-12 16:12:27 INFO  main] [org.apache.coyote.http11.Http11NioProtocol] Initializing ProtocolHandler ["http-nio-8080"] 
[2024-06-12 16:12:27 INFO  main] [org.apache.catalina.core.StandardService] Starting service [Tomcat] 
[2024-06-12 16:12:27 INFO  main] [org.apache.catalina.core.StandardEngine] Starting Servlet engine: [Apache Tomcat/10.1.24] 
[2024-06-12 16:12:27 INFO  main] [org.apache.catalina.core.ContainerBase.[Tomcat].[localhost].[/]] Initializing Spring embedded WebApplicationContext 
[2024-06-12 16:12:27 INFO  main] [org.springframework.boot.web.servlet.context.ServletWebServerApplicationContext] Root WebApplicationContext: initialization completed in 1215 ms 
[2024-06-12 16:12:28 INFO  main] [org.springframework.boot.autoconfigure.web.servlet.WelcomePageHandlerMapping] Adding welcome page: class path resource [static/index.html] 
[2024-06-12 16:12:28 INFO  main] [org.springframework.boot.actuate.endpoint.web.EndpointLinksResolver] Exposing 1 endpoint(s) beneath base path '/actuator' 
[2024-06-12 16:12:28 INFO  main] [org.apache.coyote.http11.Http11NioProtocol] Starting ProtocolHandler ["http-nio-8080"] 
[2024-06-12 16:12:28 INFO  main] [org.springframework.boot.web.embedded.tomcat.TomcatWebServer] Tomcat started on port 8080 (http) with context path '' 
[2024-06-12 16:12:28 INFO  main] [com.green.firstproject.FirstProjectApplication] Started FirstProjectApplication in 2.654 seconds (process running for 3.023) 
[2024-06-12 16:12:34 INFO  http-nio-8080-exec-1] [org.apache.catalina.core.ContainerBase.[Tomcat].[localhost].[/]] Initializing Spring DispatcherServlet 'dispatcherServlet' 
[2024-06-12 16:12:34 INFO  http-nio-8080-exec-1] [org.springframework.web.servlet.DispatcherServlet] Initializing Servlet 'dispatcherServlet' 
[2024-06-12 16:12:34 INFO  http-nio-8080-exec-1] [org.springframework.web.servlet.DispatcherServlet] Completed initialization in 1 ms 
[2024-06-12 16:12:34 INFO  http-nio-8080-exec-4] [org.springdoc.api.AbstractOpenApiResource] Init duration for springdoc-openapi is: 462 ms 
